<?xml version="1.0" encoding="UTF-8"?>
<coverage generated="1776704986518" clover="3.2.0">
  <project timestamp="1776704986518" name="All files">
    <metrics statements="298" coveredstatements="286" conditionals="225" coveredconditionals="198" methods="92" coveredmethods="89" elements="615" coveredelements="573" complexity="0" loc="298" ncloc="298" packages="5" files="12" classes="12"/>
    <package name="src">
      <metrics statements="87" coveredstatements="83" conditionals="73" coveredconditionals="62" methods="20" coveredmethods="20"/>
      <file name="App.js" path="/Users/x/work/DGSL-2026/src/App.js">
        <metrics statements="85" coveredstatements="83" conditionals="73" coveredconditionals="62" methods="20" coveredmethods="20"/>
        <line num="15" count="1" type="stmt"/>
        <line num="17" count="81" type="stmt"/>
        <line num="18" count="80" type="stmt"/>
        <line num="19" count="80" type="stmt"/>
        <line num="20" count="80" type="stmt"/>
        <line num="21" count="80" type="stmt"/>
        <line num="22" count="80" type="stmt"/>
        <line num="23" count="80" type="stmt"/>
        <line num="24" count="80" type="stmt"/>
        <line num="25" count="80" type="stmt"/>
        <line num="28" count="80" type="stmt"/>
        <line num="29" count="80" type="stmt"/>
        <line num="32" count="80" type="stmt"/>
        <line num="33" count="28" type="cond" truecount="1" falsecount="1"/>
        <line num="34" count="28" type="stmt"/>
        <line num="35" count="0" type="cond" truecount="0" falsecount="4"/>
        <line num="36" count="0" type="stmt"/>
        <line num="42" count="80" type="stmt"/>
        <line num="43" count="28" type="stmt"/>
        <line num="44" count="28" type="stmt"/>
        <line num="46" count="28" type="stmt"/>
        <line num="47" count="27" type="stmt"/>
        <line num="49" count="27" type="cond" truecount="4" falsecount="1"/>
        <line num="50" count="27" type="stmt"/>
        <line num="51" count="27" type="stmt"/>
        <line num="61" count="1" type="stmt"/>
        <line num="65" count="28" type="stmt"/>
        <line num="67" count="28" type="stmt"/>
        <line num="68" count="28" type="stmt"/>
        <line num="72" count="80" type="stmt"/>
        <line num="73" count="15451" type="stmt"/>
        <line num="74" count="15451" type="cond" truecount="3" falsecount="0"/>
        <line num="78" count="80" type="stmt"/>
        <line num="79" count="1" type="stmt"/>
        <line num="80" count="1" type="stmt"/>
        <line num="87" count="80" type="stmt"/>
        <line num="88" count="3696" type="stmt"/>
        <line num="89" count="28" type="stmt"/>
        <line num="93" count="80" type="stmt"/>
        <line num="94" count="28" type="stmt"/>
        <line num="95" count="28" type="stmt"/>
        <line num="96" count="3696" type="stmt"/>
        <line num="97" count="3696" type="stmt"/>
        <line num="99" count="28" type="stmt"/>
        <line num="103" count="80" type="stmt"/>
        <line num="104" count="44" type="stmt"/>
        <line num="105" count="5808" type="stmt"/>
        <line num="106" count="5808" type="cond" truecount="2" falsecount="0"/>
        <line num="107" count="5808" type="cond" truecount="1" falsecount="1"/>
        <line num="108" count="5808" type="cond" truecount="2" falsecount="0"/>
        <line num="109" count="5808" type="cond" truecount="3" falsecount="0"/>
        <line num="111" count="5808" type="cond" truecount="8" falsecount="1"/>
        <line num="117" count="5808" type="cond" truecount="5" falsecount="0"/>
        <line num="121" count="44" type="cond" truecount="2" falsecount="0"/>
        <line num="122" count="5" type="stmt"/>
        <line num="125" count="2141" type="cond" truecount="2" falsecount="0"/>
        <line num="126" count="812" type="stmt"/>
        <line num="127" count="812" type="stmt"/>
        <line num="128" count="1329" type="cond" truecount="2" falsecount="0"/>
        <line num="129" count="719" type="stmt"/>
        <line num="130" count="1438" type="stmt"/>
        <line num="131" count="1438" type="stmt"/>
        <line num="133" count="719" type="stmt"/>
        <line num="134" count="719" type="stmt"/>
        <line num="135" count="610" type="cond" truecount="1" falsecount="1"/>
        <line num="136" count="610" type="stmt"/>
        <line num="137" count="610" type="stmt"/>
        <line num="140" count="2141" type="cond" truecount="2" falsecount="0"/>
        <line num="141" count="605" type="cond" truecount="1" falsecount="1"/>
        <line num="143" count="1536" type="cond" truecount="2" falsecount="0"/>
        <line num="144" count="625" type="cond" truecount="2" falsecount="0"/>
        <line num="146" count="911" type="stmt"/>
        <line num="150" count="44" type="stmt"/>
        <line num="154" count="80" type="stmt"/>
        <line num="155" count="5" type="stmt"/>
        <line num="156" count="5" type="cond" truecount="4" falsecount="0"/>
        <line num="157" count="1" type="stmt"/>
        <line num="159" count="5" type="stmt"/>
        <line num="162" count="80" type="stmt"/>
        <line num="163" count="240" type="cond" truecount="2" falsecount="0"/>
        <line num="164" count="235" type="stmt"/>
        <line num="166" count="5" type="cond" truecount="2" falsecount="0"/>
        <line num="169" count="80" type="stmt"/>
        <line num="183" count="3" type="stmt"/>
        <line num="265" count="2" type="stmt"/>
      </file>
      <file name="index.js" path="/Users/x/work/DGSL-2026/src/index.js">
        <metrics statements="2" coveredstatements="0" conditionals="0" coveredconditionals="0" methods="0" coveredmethods="0"/>
        <line num="6" count="0" type="stmt"/>
        <line num="7" count="0" type="stmt"/>
      </file>
    </package>
    <package name="src.components">
      <metrics statements="154" coveredstatements="151" conditionals="107" coveredconditionals="95" methods="62" coveredmethods="59"/>
      <file name="FeaturedMatchCard.js" path="/Users/x/work/DGSL-2026/src/components/FeaturedMatchCard.js">
        <metrics statements="3" coveredstatements="3" conditionals="0" coveredconditionals="0" methods="1" coveredmethods="1"/>
        <line num="8" count="3" type="stmt"/>
        <line num="9" count="252" type="stmt"/>
        <line num="11" count="252" type="stmt"/>
      </file>
      <file name="FeaturedMatches.js" path="/Users/x/work/DGSL-2026/src/components/FeaturedMatches.js">
        <metrics statements="79" coveredstatements="78" conditionals="40" coveredconditionals="35" methods="24" coveredmethods="23"/>
        <line num="7" count="2" type="stmt"/>
        <line num="8" count="137" type="stmt"/>
        <line num="9" count="137" type="stmt"/>
        <line num="10" count="137" type="stmt"/>
        <line num="11" count="137" type="stmt"/>
        <line num="12" count="137" type="stmt"/>
        <line num="15" count="137" type="stmt"/>
        <line num="18" count="137" type="stmt"/>
        <line num="19" count="47" type="stmt"/>
        <line num="20" count="47" type="stmt"/>
        <line num="23" count="47" type="stmt"/>
        <line num="24" count="47" type="stmt"/>
        <line num="25" count="47" type="stmt"/>
        <line num="29" count="137" type="stmt"/>
        <line num="30" count="49" type="stmt"/>
        <line num="33" count="49" type="stmt"/>
        <line num="36" count="49" type="stmt"/>
        <line num="37" count="49" type="stmt"/>
        <line num="41" count="49" type="stmt"/>
        <line num="43" count="3900" type="cond" truecount="2" falsecount="0"/>
        <line num="44" count="2855" type="stmt"/>
        <line num="46" count="2855" type="cond" truecount="2" falsecount="0"/>
        <line num="49" count="388" type="stmt"/>
        <line num="50" count="388" type="stmt"/>
        <line num="51" count="388" type="stmt"/>
        <line num="54" count="49" type="stmt"/>
        <line num="55" count="49" type="stmt"/>
        <line num="57" count="49" type="cond" truecount="2" falsecount="0"/>
        <line num="59" count="4" type="stmt"/>
        <line num="60" count="24" type="cond" truecount="2" falsecount="0"/>
        <line num="62" count="4" type="stmt"/>
        <line num="63" count="24" type="cond" truecount="2" falsecount="0"/>
        <line num="66" count="4" type="stmt"/>
        <line num="67" count="4" type="stmt"/>
        <line num="68" count="5" type="stmt"/>
        <line num="69" count="4" type="stmt"/>
        <line num="72" count="4" type="stmt"/>
        <line num="75" count="45" type="stmt"/>
        <line num="79" count="137" type="cond" truecount="2" falsecount="0"/>
        <line num="80" count="49" type="stmt"/>
        <line num="84" count="88" type="cond" truecount="1" falsecount="1"/>
        <line num="85" count="88" type="stmt"/>
        <line num="86" count="88" type="stmt"/>
        <line num="87" count="88" type="stmt"/>
        <line num="89" count="88" type="stmt"/>
        <line num="90" count="2" type="cond" truecount="1" falsecount="1"/>
        <line num="91" count="2" type="stmt"/>
        <line num="95" count="88" type="stmt"/>
        <line num="96" count="6" type="cond" truecount="1" falsecount="1"/>
        <line num="97" count="6" type="stmt"/>
        <line num="101" count="88" type="stmt"/>
        <line num="102" count="3" type="cond" truecount="3" falsecount="1"/>
        <line num="103" count="3" type="stmt"/>
        <line num="104" count="3" type="stmt"/>
        <line num="108" count="88" type="stmt"/>
        <line num="109" count="2" type="stmt"/>
        <line num="113" count="88" type="stmt"/>
        <line num="114" count="3" type="stmt"/>
        <line num="115" count="3" type="stmt"/>
        <line num="118" count="88" type="stmt"/>
        <line num="119" count="3" type="stmt"/>
        <line num="122" count="88" type="stmt"/>
        <line num="123" count="3" type="cond" truecount="3" falsecount="1"/>
        <line num="125" count="3" type="stmt"/>
        <line num="126" count="3" type="stmt"/>
        <line num="127" count="3" type="stmt"/>
        <line num="129" count="3" type="cond" truecount="4" falsecount="0"/>
        <line num="130" count="1" type="stmt"/>
        <line num="132" count="3" type="cond" truecount="4" falsecount="0"/>
        <line num="133" count="1" type="stmt"/>
        <line num="138" count="88" type="stmt"/>
        <line num="139" count="88" type="stmt"/>
        <line num="141" count="88" type="stmt"/>
        <line num="175" count="0" type="stmt"/>
        <line num="191" count="243" type="stmt"/>
        <line num="202" count="2" type="stmt"/>
        <line num="211" count="281" type="stmt"/>
        <line num="214" count="1" type="stmt"/>
        <line num="215" count="1" type="stmt"/>
      </file>
      <file name="FilterSection.js" path="/Users/x/work/DGSL-2026/src/components/FilterSection.js">
        <metrics statements="15" coveredstatements="15" conditionals="20" coveredconditionals="19" methods="11" coveredmethods="11"/>
        <line num="7" count="2" type="stmt"/>
        <line num="23" count="98" type="stmt"/>
        <line num="27" count="1" type="stmt"/>
        <line num="31" count="2" type="cond" truecount="3" falsecount="1"/>
        <line num="32" count="2" type="stmt"/>
        <line num="33" count="2" type="stmt"/>
        <line num="47" count="1" type="stmt"/>
        <line num="48" count="1" type="stmt"/>
        <line num="66" count="5" type="stmt"/>
        <line num="83" count="1" type="stmt"/>
        <line num="98" count="3" type="stmt"/>
        <line num="105" count="1334" type="stmt"/>
        <line num="115" count="2" type="stmt"/>
        <line num="122" count="916" type="stmt"/>
        <line num="132" count="4" type="stmt"/>
      </file>
      <file name="ScheduleTable.js" path="/Users/x/work/DGSL-2026/src/components/ScheduleTable.js">
        <metrics statements="19" coveredstatements="17" conditionals="28" coveredconditionals="23" methods="9" coveredmethods="7"/>
        <line num="8" count="2" type="stmt"/>
        <line num="16" count="98" type="stmt"/>
        <line num="24" count="4" type="stmt"/>
        <line num="25" count="0" type="cond" truecount="0" falsecount="2"/>
        <line num="33" count="1" type="stmt"/>
        <line num="34" count="1" type="cond" truecount="2" falsecount="0"/>
        <line num="44" count="1" type="stmt"/>
        <line num="45" count="0" type="cond" truecount="0" falsecount="2"/>
        <line num="60" count="9518" type="stmt"/>
        <line num="61" count="9518" type="stmt"/>
        <line num="62" count="9518" type="cond" truecount="2" falsecount="0"/>
        <line num="63" count="3" type="stmt"/>
        <line num="64" count="9515" type="cond" truecount="2" falsecount="0"/>
        <line num="65" count="2" type="stmt"/>
        <line num="66" count="9513" type="cond" truecount="2" falsecount="0"/>
        <line num="67" count="2570" type="stmt"/>
        <line num="69" count="6943" type="cond" truecount="2" falsecount="0"/>
        <line num="72" count="9518" type="stmt"/>
        <line num="102" count="2" type="stmt"/>
      </file>
      <file name="TeamFlag.js" path="/Users/x/work/DGSL-2026/src/components/TeamFlag.js">
        <metrics statements="5" coveredstatements="5" conditionals="3" coveredconditionals="3" methods="2" coveredmethods="2"/>
        <line num="7" count="5" type="stmt"/>
        <line num="8" count="19546" type="stmt"/>
        <line num="9" count="19546" type="stmt"/>
        <line num="12" count="19546" type="stmt"/>
        <line num="20" count="1" type="stmt"/>
      </file>
      <file name="TeamSelectionDialog.js" path="/Users/x/work/DGSL-2026/src/components/TeamSelectionDialog.js">
        <metrics statements="29" coveredstatements="29" conditionals="14" coveredconditionals="13" methods="14" coveredmethods="14"/>
        <line num="7" count="2" type="stmt"/>
        <line num="8" count="105" type="stmt"/>
        <line num="10" count="105" type="stmt"/>
        <line num="11" count="43" type="stmt"/>
        <line num="15" count="105" type="stmt"/>
        <line num="16" count="94" type="stmt"/>
        <line num="17" count="3" type="cond" truecount="4" falsecount="0"/>
        <line num="18" count="1" type="stmt"/>
        <line num="22" count="94" type="stmt"/>
        <line num="23" count="94" type="stmt"/>
        <line num="26" count="105" type="stmt"/>
        <line num="27" count="2" type="stmt"/>
        <line num="28" count="2" type="stmt"/>
        <line num="31" count="105" type="stmt"/>
        <line num="32" count="1" type="stmt"/>
        <line num="33" count="1" type="stmt"/>
        <line num="34" count="1" type="stmt"/>
        <line num="37" count="105" type="stmt"/>
        <line num="38" count="2" type="cond" truecount="3" falsecount="1"/>
        <line num="39" count="2" type="stmt"/>
        <line num="40" count="2" type="stmt"/>
        <line num="44" count="105" type="cond" truecount="2" falsecount="0"/>
        <line num="46" count="27" type="stmt"/>
        <line num="56" count="9" type="stmt"/>
        <line num="81" count="179" type="stmt"/>
        <line num="83" count="152" type="stmt"/>
        <line num="84" count="152" type="stmt"/>
        <line num="88" count="3" type="stmt"/>
        <line num="89" count="2" type="stmt"/>
      </file>
      <file name="WeatherWidget.js" path="/Users/x/work/DGSL-2026/src/components/WeatherWidget.js">
        <metrics statements="4" coveredstatements="4" conditionals="2" coveredconditionals="2" methods="1" coveredmethods="1"/>
        <line num="7" count="2" type="stmt"/>
        <line num="8" count="7" type="cond" truecount="2" falsecount="0"/>
        <line num="9" count="1" type="stmt"/>
        <line num="12" count="6" type="stmt"/>
      </file>
    </package>
    <package name="src.constants">
      <metrics statements="2" coveredstatements="2" conditionals="0" coveredconditionals="0" methods="0" coveredmethods="0"/>
      <file name="index.js" path="/Users/x/work/DGSL-2026/src/constants/index.js">
        <metrics statements="2" coveredstatements="2" conditionals="0" coveredconditionals="0" methods="0" coveredmethods="0"/>
        <line num="2" count="9" type="stmt"/>
        <line num="21" count="9" type="stmt"/>
      </file>
    </package>
    <package name="src.hooks">
      <metrics statements="18" coveredstatements="13" conditionals="13" coveredconditionals="9" methods="3" coveredmethods="3"/>
      <file name="useLocalStorage.js" path="/Users/x/work/DGSL-2026/src/hooks/useLocalStorage.js">
        <metrics statements="18" coveredstatements="13" conditionals="13" coveredconditionals="9" methods="3" coveredmethods="3"/>
        <line num="10" count="2" type="cond" truecount="1" falsecount="0"/>
        <line num="13" count="721" type="stmt"/>
        <line num="14" count="252" type="stmt"/>
        <line num="16" count="252" type="stmt"/>
        <line num="18" count="252" type="cond" truecount="1" falsecount="1"/>
        <line num="19" count="0" type="cond" truecount="0" falsecount="2"/>
        <line num="21" count="252" type="stmt"/>
        <line num="24" count="0" type="stmt"/>
        <line num="25" count="0" type="stmt"/>
        <line num="31" count="720" type="stmt"/>
        <line num="32" count="46" type="stmt"/>
        <line num="34" count="46" type="cond" truecount="2" falsecount="0"/>
        <line num="36" count="46" type="stmt"/>
        <line num="38" count="46" type="cond" truecount="3" falsecount="1"/>
        <line num="39" count="0" type="stmt"/>
        <line num="41" count="46" type="stmt"/>
        <line num="47" count="0" type="stmt"/>
        <line num="51" count="720" type="stmt"/>
      </file>
    </package>
    <package name="src.utils">
      <metrics statements="37" coveredstatements="37" conditionals="32" coveredconditionals="32" methods="7" coveredmethods="7"/>
      <file name="helpers.js" path="/Users/x/work/DGSL-2026/src/utils/helpers.js">
        <metrics statements="37" coveredstatements="37" conditionals="32" coveredconditionals="32" methods="7" coveredmethods="7"/>
        <line num="4" count="9" type="stmt"/>
        <line num="5" count="19705" type="stmt"/>
        <line num="6" count="19705" type="cond" truecount="2" falsecount="0"/>
        <line num="9" count="14566" type="stmt"/>
        <line num="13" count="9" type="stmt"/>
        <line num="14" count="9523" type="cond" truecount="4" falsecount="0"/>
        <line num="16" count="3326" type="stmt"/>
        <line num="18" count="3110" type="stmt"/>
        <line num="20" count="3085" type="stmt"/>
        <line num="22" count="2" type="stmt"/>
        <line num="27" count="9" type="stmt"/>
        <line num="29" count="10438" type="stmt"/>
        <line num="30" count="10438" type="stmt"/>
        <line num="31" count="10438" type="stmt"/>
        <line num="35" count="9" type="stmt"/>
        <line num="36" count="15455" type="stmt"/>
        <line num="40" count="9" type="stmt"/>
        <line num="41" count="21" type="stmt"/>
        <line num="42" count="21" type="cond" truecount="4" falsecount="0"/>
        <line num="43" count="12" type="cond" truecount="2" falsecount="0"/>
        <line num="44" count="10" type="cond" truecount="2" falsecount="0"/>
        <line num="45" count="7" type="cond" truecount="4" falsecount="0"/>
        <line num="46" count="5" type="cond" truecount="2" falsecount="0"/>
        <line num="47" count="4" type="cond" truecount="4" falsecount="0"/>
        <line num="48" count="2" type="stmt"/>
        <line num="52" count="9" type="stmt"/>
        <line num="53" count="256" type="cond" truecount="4" falsecount="0"/>
        <line num="54" count="202" type="stmt"/>
        <line num="55" count="28" type="stmt"/>
        <line num="56" count="25" type="stmt"/>
        <line num="57" count="1" type="stmt"/>
        <line num="62" count="9" type="stmt"/>
        <line num="63" count="257" type="cond" truecount="4" falsecount="0"/>
        <line num="64" count="3" type="stmt"/>
        <line num="65" count="2" type="stmt"/>
        <line num="66" count="1" type="stmt"/>
        <line num="67" count="251" type="stmt"/>
      </file>
    </package>
  </project>
</coverage>
