{"/Users/x/work/DGSL-2026/src/App.js": {"path":"/Users/x/work/DGSL-2026/src/App.js","statementMap":{"0":{"start":{"line":15,"column":12},"end":{"line":272,"column":1}},"1":{"start":{"line":17,"column":50},"end":{"line":17,"column":90}},"2":{"start":{"line":18,"column":44},"end":{"line":18,"column":80}},"3":{"start":{"line":19,"column":42},"end":{"line":19,"column":77}},"4":{"start":{"line":20,"column":42},"end":{"line":20,"column":77}},"5":{"start":{"line":21,"column":36},"end":{"line":21,"column":77}},"6":{"start":{"line":22,"column":38},"end":{"line":22,"column":112}},"7":{"start":{"line":23,"column":48},"end":{"line":23,"column":96}},"8":{"start":{"line":24,"column":42},"end":{"line":24,"column":85}},"9":{"start":{"line":25,"column":42},"end":{"line":25,"column":89}},"10":{"start":{"line":28,"column":32},"end":{"line":28,"column":46}},"11":{"start":{"line":29,"column":46},"end":{"line":29,"column":61}},"12":{"start":{"line":32,"column":2},"end":{"line":39,"column":9}},"13":{"start":{"line":33,"column":4},"end":{"line":37,"column":5}},"14":{"start":{"line":34,"column":6},"end":{"line":34,"column":53}},"15":{"start":{"line":35,"column":11},"end":{"line":37,"column":5}},"16":{"start":{"line":36,"column":6},"end":{"line":36,"column":32}},"17":{"start":{"line":42,"column":2},"end":{"line":69,"column":9}},"18":{"start":{"line":43,"column":25},"end":{"line":63,"column":5}},"19":{"start":{"line":44,"column":6},"end":{"line":62,"column":7}},"20":{"start":{"line":46,"column":25},"end":{"line":46,"column":75}},"21":{"start":{"line":47,"column":21},"end":{"line":47,"column":42}},"22":{"start":{"line":49,"column":8},"end":{"line":59,"column":9}},"23":{"start":{"line":50,"column":26},"end":{"line":50,"column":51}},"24":{"start":{"line":51,"column":10},"end":{"line":58,"column":13}},"25":{"start":{"line":61,"column":8},"end":{"line":61,"column":57}},"26":{"start":{"line":65,"column":4},"end":{"line":65,"column":19}},"27":{"start":{"line":67,"column":21},"end":{"line":67,"column":62}},"28":{"start":{"line":68,"column":4},"end":{"line":68,"column":41}},"29":{"start":{"line":68,"column":17},"end":{"line":68,"column":40}},"30":{"start":{"line":72,"column":24},"end":{"line":75,"column":3}},"31":{"start":{"line":73,"column":19},"end":{"line":73,"column":35}},"32":{"start":{"line":74,"column":4},"end":{"line":74,"column":63}},"33":{"start":{"line":78,"column":27},"end":{"line":84,"column":3}},"34":{"start":{"line":79,"column":19},"end":{"line":79,"column":35}},"35":{"start":{"line":80,"column":4},"end":{"line":83,"column":8}},"36":{"start":{"line":80,"column":29},"end":{"line":83,"column":5}},"37":{"start":{"line":87,"column":22},"end":{"line":90,"column":8}},"38":{"start":{"line":88,"column":18},"end":{"line":88,"column":69}},"39":{"start":{"line":88,"column":56},"end":{"line":88,"column":66}},"40":{"start":{"line":89,"column":4},"end":{"line":89,"column":24}},"41":{"start":{"line":93,"column":19},"end":{"line":100,"column":8}},"42":{"start":{"line":94,"column":18},"end":{"line":94,"column":27}},"43":{"start":{"line":95,"column":4},"end":{"line":98,"column":7}},"44":{"start":{"line":96,"column":6},"end":{"line":96,"column":29}},"45":{"start":{"line":97,"column":6},"end":{"line":97,"column":29}},"46":{"start":{"line":99,"column":4},"end":{"line":99,"column":36}},"47":{"start":{"line":103,"column":26},"end":{"line":152,"column":104}},"48":{"start":{"line":104,"column":18},"end":{"line":118,"column":6}},"49":{"start":{"line":105,"column":28},"end":{"line":105,"column":48}},"50":{"start":{"line":106,"column":28},"end":{"line":106,"column":93}},"51":{"start":{"line":107,"column":25},"end":{"line":107,"column":81}},"52":{"start":{"line":108,"column":24},"end":{"line":108,"column":77}},"53":{"start":{"line":109,"column":24},"end":{"line":110,"column":68}},"54":{"start":{"line":111,"column":24},"end":{"line":115,"column":68}},"55":{"start":{"line":117,"column":6},"end":{"line":117,"column":80}},"56":{"start":{"line":121,"column":4},"end":{"line":148,"column":5}},"57":{"start":{"line":122,"column":6},"end":{"line":147,"column":9}},"58":{"start":{"line":125,"column":8},"end":{"line":138,"column":9}},"59":{"start":{"line":126,"column":10},"end":{"line":126,"column":36}},"60":{"start":{"line":127,"column":10},"end":{"line":127,"column":36}},"61":{"start":{"line":128,"column":15},"end":{"line":138,"column":9}},"62":{"start":{"line":129,"column":32},"end":{"line":132,"column":11}},"63":{"start":{"line":130,"column":37},"end":{"line":130,"column":64}},"64":{"start":{"line":131,"column":12},"end":{"line":131,"column":40}},"65":{"start":{"line":133,"column":10},"end":{"line":133,"column":41}},"66":{"start":{"line":134,"column":10},"end":{"line":134,"column":41}},"67":{"start":{"line":135,"column":15},"end":{"line":138,"column":9}},"68":{"start":{"line":136,"column":10},"end":{"line":136,"column":41}},"69":{"start":{"line":137,"column":10},"end":{"line":137,"column":41}},"70":{"start":{"line":140,"column":8},"end":{"line":142,"column":9}},"71":{"start":{"line":141,"column":10},"end":{"line":141,"column":57}},"72":{"start":{"line":143,"column":8},"end":{"line":145,"column":9}},"73":{"start":{"line":144,"column":10},"end":{"line":144,"column":57}},"74":{"start":{"line":146,"column":8},"end":{"line":146,"column":17}},"75":{"start":{"line":150,"column":4},"end":{"line":150,"column":19}},"76":{"start":{"line":154,"column":21},"end":{"line":160,"column":3}},"77":{"start":{"line":155,"column":20},"end":{"line":155,"column":25}},"78":{"start":{"line":156,"column":4},"end":{"line":158,"column":5}},"79":{"start":{"line":157,"column":6},"end":{"line":157,"column":25}},"80":{"start":{"line":159,"column":4},"end":{"line":159,"column":38}},"81":{"start":{"line":162,"column":27},"end":{"line":167,"column":3}},"82":{"start":{"line":163,"column":4},"end":{"line":165,"column":5}},"83":{"start":{"line":164,"column":6},"end":{"line":164,"column":18}},"84":{"start":{"line":166,"column":4},"end":{"line":166,"column":56}},"85":{"start":{"line":169,"column":2},"end":{"line":271,"column":4}},"86":{"start":{"line":183,"column":32},"end":{"line":183,"column":55}},"87":{"start":{"line":265,"column":23},"end":{"line":265,"column":47}}},"fnMap":{"0":{"name":"(anonymous_0)","decl":{"start":{"line":15,"column":12},"end":{"line":15,"column":13}},"loc":{"start":{"line":15,"column":18},"end":{"line":272,"column":1}},"line":15},"1":{"name":"(anonymous_1)","decl":{"start":{"line":32,"column":12},"end":{"line":32,"column":13}},"loc":{"start":{"line":32,"column":18},"end":{"line":39,"column":3}},"line":32},"2":{"name":"(anonymous_2)","decl":{"start":{"line":42,"column":12},"end":{"line":42,"column":13}},"loc":{"start":{"line":42,"column":18},"end":{"line":69,"column":3}},"line":42},"3":{"name":"(anonymous_3)","decl":{"start":{"line":43,"column":25},"end":{"line":43,"column":26}},"loc":{"start":{"line":43,"column":37},"end":{"line":63,"column":5}},"line":43},"4":{"name":"(anonymous_4)","decl":{"start":{"line":68,"column":11},"end":{"line":68,"column":12}},"loc":{"start":{"line":68,"column":17},"end":{"line":68,"column":40}},"line":68},"5":{"name":"(anonymous_5)","decl":{"start":{"line":72,"column":24},"end":{"line":72,"column":25}},"loc":{"start":{"line":72,"column":35},"end":{"line":75,"column":3}},"line":72},"6":{"name":"(anonymous_6)","decl":{"start":{"line":78,"column":27},"end":{"line":78,"column":28}},"loc":{"start":{"line":78,"column":49},"end":{"line":84,"column":3}},"line":78},"7":{"name":"(anonymous_7)","decl":{"start":{"line":80,"column":20},"end":{"line":80,"column":21}},"loc":{"start":{"line":80,"column":29},"end":{"line":83,"column":5}},"line":80},"8":{"name":"(anonymous_8)","decl":{"start":{"line":87,"column":30},"end":{"line":87,"column":31}},"loc":{"start":{"line":87,"column":36},"end":{"line":90,"column":3}},"line":87},"9":{"name":"(anonymous_9)","decl":{"start":{"line":88,"column":47},"end":{"line":88,"column":48}},"loc":{"start":{"line":88,"column":56},"end":{"line":88,"column":66}},"line":88},"10":{"name":"(anonymous_10)","decl":{"start":{"line":93,"column":27},"end":{"line":93,"column":28}},"loc":{"start":{"line":93,"column":33},"end":{"line":100,"column":3}},"line":93},"11":{"name":"(anonymous_11)","decl":{"start":{"line":95,"column":25},"end":{"line":95,"column":26}},"loc":{"start":{"line":95,"column":34},"end":{"line":98,"column":5}},"line":95},"12":{"name":"(anonymous_12)","decl":{"start":{"line":103,"column":34},"end":{"line":103,"column":35}},"loc":{"start":{"line":103,"column":40},"end":{"line":152,"column":3}},"line":103},"13":{"name":"(anonymous_13)","decl":{"start":{"line":104,"column":38},"end":{"line":104,"column":39}},"loc":{"start":{"line":104,"column":47},"end":{"line":118,"column":5}},"line":104},"14":{"name":"(anonymous_14)","decl":{"start":{"line":122,"column":19},"end":{"line":122,"column":20}},"loc":{"start":{"line":122,"column":29},"end":{"line":147,"column":7}},"line":122},"15":{"name":"(anonymous_15)","decl":{"start":{"line":129,"column":32},"end":{"line":129,"column":33}},"loc":{"start":{"line":129,"column":42},"end":{"line":132,"column":11}},"line":129},"16":{"name":"(anonymous_16)","decl":{"start":{"line":154,"column":21},"end":{"line":154,"column":22}},"loc":{"start":{"line":154,"column":30},"end":{"line":160,"column":3}},"line":154},"17":{"name":"(anonymous_17)","decl":{"start":{"line":162,"column":27},"end":{"line":162,"column":28}},"loc":{"start":{"line":162,"column":36},"end":{"line":167,"column":3}},"line":162},"18":{"name":"(anonymous_18)","decl":{"start":{"line":183,"column":26},"end":{"line":183,"column":27}},"loc":{"start":{"line":183,"column":32},"end":{"line":183,"column":55}},"line":183},"19":{"name":"(anonymous_19)","decl":{"start":{"line":265,"column":17},"end":{"line":265,"column":18}},"loc":{"start":{"line":265,"column":23},"end":{"line":265,"column":47}},"line":265}},"branchMap":{"0":{"loc":{"start":{"line":33,"column":4},"end":{"line":37,"column":5}},"type":"if","locations":[{"start":{"line":33,"column":4},"end":{"line":37,"column":5}},{"start":{"line":35,"column":11},"end":{"line":37,"column":5}}],"line":33},"1":{"loc":{"start":{"line":35,"column":11},"end":{"line":37,"column":5}},"type":"if","locations":[{"start":{"line":35,"column":11},"end":{"line":37,"column":5}},{"start":{},"end":{}}],"line":35},"2":{"loc":{"start":{"line":35,"column":15},"end":{"line":35,"column":67}},"type":"binary-expr","locations":[{"start":{"line":35,"column":15},"end":{"line":35,"column":39}},{"start":{"line":35,"column":43},"end":{"line":35,"column":67}}],"line":35},"3":{"loc":{"start":{"line":49,"column":8},"end":{"line":59,"column":9}},"type":"if","locations":[{"start":{"line":49,"column":8},"end":{"line":59,"column":9}},{"start":{},"end":{}}],"line":49},"4":{"loc":{"start":{"line":49,"column":12},"end":{"line":49,"column":71}},"type":"binary-expr","locations":[{"start":{"line":49,"column":12},"end":{"line":49,"column":16}},{"start":{"line":49,"column":20},"end":{"line":49,"column":42}},{"start":{"line":49,"column":46},"end":{"line":49,"column":71}}],"line":49},"5":{"loc":{"start":{"line":74,"column":11},"end":{"line":74,"column":62}},"type":"binary-expr","locations":[{"start":{"line":74,"column":11},"end":{"line":74,"column":31}},{"start":{"line":74,"column":35},"end":{"line":74,"column":47}},{"start":{"line":74,"column":51},"end":{"line":74,"column":62}}],"line":74},"6":{"loc":{"start":{"line":106,"column":28},"end":{"line":106,"column":93}},"type":"binary-expr","locations":[{"start":{"line":106,"column":28},"end":{"line":106,"column":54}},{"start":{"line":106,"column":58},"end":{"line":106,"column":93}}],"line":106},"7":{"loc":{"start":{"line":107,"column":25},"end":{"line":107,"column":81}},"type":"binary-expr","locations":[{"start":{"line":107,"column":25},"end":{"line":107,"column":48}},{"start":{"line":107,"column":52},"end":{"line":107,"column":81}}],"line":107},"8":{"loc":{"start":{"line":108,"column":24},"end":{"line":108,"column":77}},"type":"binary-expr","locations":[{"start":{"line":108,"column":24},"end":{"line":108,"column":46}},{"start":{"line":108,"column":50},"end":{"line":108,"column":77}}],"line":108},"9":{"loc":{"start":{"line":109,"column":24},"end":{"line":110,"column":68}},"type":"binary-expr","locations":[{"start":{"line":109,"column":24},"end":{"line":109,"column":46}},{"start":{"line":110,"column":8},"end":{"line":110,"column":36}},{"start":{"line":110,"column":40},"end":{"line":110,"column":68}}],"line":109},"10":{"loc":{"start":{"line":111,"column":24},"end":{"line":115,"column":68}},"type":"binary-expr","locations":[{"start":{"line":111,"column":24},"end":{"line":111,"column":43}},{"start":{"line":112,"column":9},"end":{"line":112,"column":29}},{"start":{"line":112,"column":33},"end":{"line":112,"column":65}},{"start":{"line":113,"column":9},"end":{"line":113,"column":34}},{"start":{"line":113,"column":38},"end":{"line":113,"column":67}},{"start":{"line":114,"column":9},"end":{"line":114,"column":31}},{"start":{"line":114,"column":35},"end":{"line":114,"column":61}},{"start":{"line":115,"column":9},"end":{"line":115,"column":34}},{"start":{"line":115,"column":38},"end":{"line":115,"column":67}}],"line":111},"11":{"loc":{"start":{"line":117,"column":13},"end":{"line":117,"column":79}},"type":"binary-expr","locations":[{"start":{"line":117,"column":13},"end":{"line":117,"column":26}},{"start":{"line":117,"column":30},"end":{"line":117,"column":40}},{"start":{"line":117,"column":44},"end":{"line":117,"column":53}},{"start":{"line":117,"column":57},"end":{"line":117,"column":66}},{"start":{"line":117,"column":70},"end":{"line":117,"column":79}}],"line":117},"12":{"loc":{"start":{"line":121,"column":4},"end":{"line":148,"column":5}},"type":"if","locations":[{"start":{"line":121,"column":4},"end":{"line":148,"column":5}},{"start":{},"end":{}}],"line":121},"13":{"loc":{"start":{"line":125,"column":8},"end":{"line":138,"column":9}},"type":"if","locations":[{"start":{"line":125,"column":8},"end":{"line":138,"column":9}},{"start":{"line":128,"column":15},"end":{"line":138,"column":9}}],"line":125},"14":{"loc":{"start":{"line":128,"column":15},"end":{"line":138,"column":9}},"type":"if","locations":[{"start":{"line":128,"column":15},"end":{"line":138,"column":9}},{"start":{"line":135,"column":15},"end":{"line":138,"column":9}}],"line":128},"15":{"loc":{"start":{"line":135,"column":15},"end":{"line":138,"column":9}},"type":"if","locations":[{"start":{"line":135,"column":15},"end":{"line":138,"column":9}},{"start":{},"end":{}}],"line":135},"16":{"loc":{"start":{"line":140,"column":8},"end":{"line":142,"column":9}},"type":"if","locations":[{"start":{"line":140,"column":8},"end":{"line":142,"column":9}},{"start":{},"end":{}}],"line":140},"17":{"loc":{"start":{"line":141,"column":17},"end":{"line":141,"column":56}},"type":"cond-expr","locations":[{"start":{"line":141,"column":50},"end":{"line":141,"column":52}},{"start":{"line":141,"column":55},"end":{"line":141,"column":56}}],"line":141},"18":{"loc":{"start":{"line":143,"column":8},"end":{"line":145,"column":9}},"type":"if","locations":[{"start":{"line":143,"column":8},"end":{"line":145,"column":9}},{"start":{},"end":{}}],"line":143},"19":{"loc":{"start":{"line":144,"column":17},"end":{"line":144,"column":56}},"type":"cond-expr","locations":[{"start":{"line":144,"column":50},"end":{"line":144,"column":51}},{"start":{"line":144,"column":54},"end":{"line":144,"column":56}}],"line":144},"20":{"loc":{"start":{"line":156,"column":4},"end":{"line":158,"column":5}},"type":"if","locations":[{"start":{"line":156,"column":4},"end":{"line":158,"column":5}},{"start":{},"end":{}}],"line":156},"21":{"loc":{"start":{"line":156,"column":8},"end":{"line":156,"column":64}},"type":"binary-expr","locations":[{"start":{"line":156,"column":8},"end":{"line":156,"column":30}},{"start":{"line":156,"column":34},"end":{"line":156,"column":64}}],"line":156},"22":{"loc":{"start":{"line":163,"column":4},"end":{"line":165,"column":5}},"type":"if","locations":[{"start":{"line":163,"column":4},"end":{"line":165,"column":5}},{"start":{},"end":{}}],"line":163},"23":{"loc":{"start":{"line":166,"column":11},"end":{"line":166,"column":55}},"type":"cond-expr","locations":[{"start":{"line":166,"column":44},"end":{"line":166,"column":48}},{"start":{"line":166,"column":51},"end":{"line":166,"column":55}}],"line":166},"24":{"loc":{"start":{"line":189,"column":11},"end":{"line":189,"column":92}},"type":"cond-expr","locations":[{"start":{"line":189,"column":40},"end":{"line":189,"column":63}},{"start":{"line":189,"column":66},"end":{"line":189,"column":92}}],"line":189},"25":{"loc":{"start":{"line":191,"column":36},"end":{"line":191,"column":83}},"type":"cond-expr","locations":[{"start":{"line":191,"column":67},"end":{"line":191,"column":73}},{"start":{"line":191,"column":76},"end":{"line":191,"column":83}}],"line":191},"26":{"loc":{"start":{"line":192,"column":11},"end":{"line":192,"column":63}},"type":"binary-expr","locations":[{"start":{"line":192,"column":11},"end":{"line":192,"column":33}},{"start":{"line":192,"column":37},"end":{"line":192,"column":63}}],"line":192},"27":{"loc":{"start":{"line":193,"column":11},"end":{"line":193,"column":75}},"type":"binary-expr","locations":[{"start":{"line":193,"column":11},"end":{"line":193,"column":33}},{"start":{"line":193,"column":37},"end":{"line":193,"column":75}}],"line":193},"28":{"loc":{"start":{"line":194,"column":11},"end":{"line":194,"column":96}},"type":"binary-expr","locations":[{"start":{"line":194,"column":11},"end":{"line":194,"column":30}},{"start":{"line":194,"column":34},"end":{"line":194,"column":96}}],"line":194},"29":{"loc":{"start":{"line":195,"column":11},"end":{"line":200,"column":11}},"type":"binary-expr","locations":[{"start":{"line":195,"column":11},"end":{"line":195,"column":18}},{"start":{"line":196,"column":12},"end":{"line":199,"column":15}}],"line":195}},"s":{"0":1,"1":81,"2":80,"3":80,"4":80,"5":80,"6":80,"7":80,"8":80,"9":80,"10":80,"11":80,"12":80,"13":28,"14":28,"15":0,"16":0,"17":80,"18":28,"19":28,"20":28,"21":27,"22":27,"23":27,"24":27,"25":1,"26":28,"27":28,"28":28,"29":28,"30":80,"31":15451,"32":15451,"33":80,"34":1,"35":1,"36":1,"37":80,"38":28,"39":3696,"40":28,"41":80,"42":28,"43":28,"44":3696,"45":3696,"46":28,"47":80,"48":44,"49":5808,"50":5808,"51":5808,"52":5808,"53":5808,"54":5808,"55":5808,"56":44,"57":5,"58":2141,"59":812,"60":812,"61":1329,"62":719,"63":1438,"64":1438,"65":719,"66":719,"67":610,"68":610,"69":610,"70":2141,"71":605,"72":1536,"73":625,"74":911,"75":44,"76":80,"77":5,"78":5,"79":1,"80":5,"81":80,"82":240,"83":235,"84":5,"85":80,"86":3,"87":2},"f":{"0":81,"1":28,"2":28,"3":28,"4":28,"5":15451,"6":1,"7":1,"8":28,"9":3696,"10":28,"11":3696,"12":44,"13":5808,"14":2141,"15":1438,"16":5,"17":240,"18":3,"19":2},"b":{"0":[28,0],"1":[0,0],"2":[0,0],"3":[27,0],"4":[27,27,27],"5":[15451,15449,11297],"6":[5808,660],"7":[5808,0],"8":[5808,132],"9":[5808,396,380],"10":[5808,396,0,396,132,300,132,300,132],"11":[5808,5368,5368,5248,4884],"12":[5,39],"13":[812,1329],"14":[719,610],"15":[610,0],"16":[605,1536],"17":[605,0],"18":[625,911],"19":[276,349],"20":[1,4],"21":[5,1],"22":[235,5],"23":[4,1],"24":[75,5],"25":[0,80],"26":[80,3],"27":[80,1],"28":[80,3],"29":[80,2]},"_coverageSchema":"1a1c01bbd47fc00a2c39e90264f33305004495a9","hash":"c5ac6b145dc990b7f960e707e15072e57869859e"}
,"/Users/x/work/DGSL-2026/src/index.js": {"path":"/Users/x/work/DGSL-2026/src/index.js","statementMap":{"0":{"start":{"line":6,"column":13},"end":{"line":6,"column":65}},"1":{"start":{"line":7,"column":0},"end":{"line":11,"column":2}}},"fnMap":{},"branchMap":{},"s":{"0":0,"1":0},"f":{},"b":{}}
,"/Users/x/work/DGSL-2026/src/components/FeaturedMatchCard.js": {"path":"/Users/x/work/DGSL-2026/src/components/FeaturedMatchCard.js","statementMap":{"0":{"start":{"line":8,"column":26},"end":{"line":62,"column":1}},"1":{"start":{"line":9,"column":24},"end":{"line":9,"column":44}},"2":{"start":{"line":11,"column":2},"end":{"line":61,"column":4}}},"fnMap":{"0":{"name":"(anonymous_0)","decl":{"start":{"line":8,"column":26},"end":{"line":8,"column":27}},"loc":{"start":{"line":8,"column":56},"end":{"line":62,"column":1}},"line":8}},"branchMap":{},"s":{"0":3,"1":252,"2":252},"f":{"0":252},"b":{},"_coverageSchema":"1a1c01bbd47fc00a2c39e90264f33305004495a9","hash":"130045b71bd429b7e0694e9a502b30fa6cea8724"}
,"/Users/x/work/DGSL-2026/src/components/FeaturedMatches.js": {"path":"/Users/x/work/DGSL-2026/src/components/FeaturedMatches.js","statementMap":{"0":{"start":{"line":7,"column":24},"end":{"line":225,"column":1}},"1":{"start":{"line":8,"column":42},"end":{"line":8,"column":59}},"2":{"start":{"line":9,"column":48},"end":{"line":9,"column":66}},"3":{"start":{"line":10,"column":34},"end":{"line":10,"column":55}},"4":{"start":{"line":11,"column":38},"end":{"line":11,"column":58}},"5":{"start":{"line":12,"column":34},"end":{"line":12,"column":54}},"6":{"start":{"line":15,"column":27},"end":{"line":15,"column":29}},"7":{"start":{"line":18,"column":2},"end":{"line":26,"column":9}},"8":{"start":{"line":19,"column":24},"end":{"line":21,"column":5}},"9":{"start":{"line":20,"column":6},"end":{"line":20,"column":44}},"10":{"start":{"line":23,"column":4},"end":{"line":23,"column":18}},"11":{"start":{"line":24,"column":4},"end":{"line":24,"column":51}},"12":{"start":{"line":25,"column":4},"end":{"line":25,"column":67}},"13":{"start":{"line":25,"column":17},"end":{"line":25,"column":66}},"14":{"start":{"line":29,"column":2},"end":{"line":77,"column":30}},"15":{"start":{"line":30,"column":16},"end":{"line":30,"column":26}},"16":{"start":{"line":33,"column":18},"end":{"line":33,"column":76}},"17":{"start":{"line":36,"column":31},"end":{"line":36,"column":46}},"18":{"start":{"line":37,"column":4},"end":{"line":37,"column":52}},"19":{"start":{"line":41,"column":29},"end":{"line":52,"column":8}},"20":{"start":{"line":43,"column":8},"end":{"line":43,"column":54}},"21":{"start":{"line":43,"column":41},"end":{"line":43,"column":54}},"22":{"start":{"line":44,"column":30},"end":{"line":44,"column":60}},"23":{"start":{"line":46,"column":8},"end":{"line":46,"column":76}},"24":{"start":{"line":49,"column":22},"end":{"line":49,"column":53}},"25":{"start":{"line":50,"column":22},"end":{"line":50,"column":53}},"26":{"start":{"line":51,"column":8},"end":{"line":51,"column":29}},"27":{"start":{"line":54,"column":4},"end":{"line":54,"column":120}},"28":{"start":{"line":55,"column":4},"end":{"line":55,"column":72}},"29":{"start":{"line":57,"column":4},"end":{"line":76,"column":5}},"30":{"start":{"line":59,"column":28},"end":{"line":61,"column":7}},"31":{"start":{"line":60,"column":13},"end":{"line":60,"column":65}},"32":{"start":{"line":62,"column":25},"end":{"line":64,"column":7}},"33":{"start":{"line":63,"column":13},"end":{"line":63,"column":65}},"34":{"start":{"line":66,"column":6},"end":{"line":66,"column":50}},"35":{"start":{"line":67,"column":6},"end":{"line":67,"column":65}},"36":{"start":{"line":68,"column":6},"end":{"line":68,"column":111}},"37":{"start":{"line":68,"column":60},"end":{"line":68,"column":108}},"38":{"start":{"line":69,"column":6},"end":{"line":69,"column":59}},"39":{"start":{"line":72,"column":6},"end":{"line":72,"column":60}},"40":{"start":{"line":75,"column":6},"end":{"line":75,"column":43}},"41":{"start":{"line":79,"column":2},"end":{"line":81,"column":3}},"42":{"start":{"line":80,"column":4},"end":{"line":80,"column":16}},"43":{"start":{"line":84,"column":24},"end":{"line":84,"column":40}},"44":{"start":{"line":85,"column":22},"end":{"line":85,"column":71}},"45":{"start":{"line":86,"column":20},"end":{"line":86,"column":36}},"46":{"start":{"line":87,"column":20},"end":{"line":87,"column":50}},"47":{"start":{"line":89,"column":21},"end":{"line":93,"column":3}},"48":{"start":{"line":90,"column":4},"end":{"line":92,"column":5}},"49":{"start":{"line":91,"column":6},"end":{"line":91,"column":40}},"50":{"start":{"line":95,"column":21},"end":{"line":99,"column":3}},"51":{"start":{"line":96,"column":4},"end":{"line":98,"column":5}},"52":{"start":{"line":97,"column":6},"end":{"line":97,"column":40}},"53":{"start":{"line":101,"column":24},"end":{"line":106,"column":3}},"54":{"start":{"line":102,"column":4},"end":{"line":105,"column":5}},"55":{"start":{"line":103,"column":6},"end":{"line":103,"column":25}},"56":{"start":{"line":104,"column":6},"end":{"line":104,"column":15}},"57":{"start":{"line":108,"column":20},"end":{"line":110,"column":3}},"58":{"start":{"line":109,"column":4},"end":{"line":109,"column":27}},"59":{"start":{"line":113,"column":23},"end":{"line":116,"column":3}},"60":{"start":{"line":114,"column":4},"end":{"line":114,"column":22}},"61":{"start":{"line":115,"column":4},"end":{"line":115,"column":46}},"62":{"start":{"line":118,"column":22},"end":{"line":120,"column":3}},"63":{"start":{"line":119,"column":4},"end":{"line":119,"column":44}},"64":{"start":{"line":122,"column":21},"end":{"line":135,"column":3}},"65":{"start":{"line":123,"column":4},"end":{"line":123,"column":41}},"66":{"start":{"line":123,"column":34},"end":{"line":123,"column":41}},"67":{"start":{"line":125,"column":21},"end":{"line":125,"column":42}},"68":{"start":{"line":126,"column":24},"end":{"line":126,"column":51}},"69":{"start":{"line":127,"column":25},"end":{"line":127,"column":53}},"70":{"start":{"line":129,"column":4},"end":{"line":131,"column":5}},"71":{"start":{"line":130,"column":6},"end":{"line":130,"column":19}},"72":{"start":{"line":132,"column":4},"end":{"line":134,"column":5}},"73":{"start":{"line":133,"column":6},"end":{"line":133,"column":19}},"74":{"start":{"line":138,"column":19},"end":{"line":138,"column":47}},"75":{"start":{"line":139,"column":23},"end":{"line":139,"column":80}},"76":{"start":{"line":141,"column":2},"end":{"line":224,"column":4}},"77":{"start":{"line":175,"column":30},"end":{"line":175,"column":58}},"78":{"start":{"line":191,"column":16},"end":{"line":191,"column":102}},"79":{"start":{"line":202,"column":30},"end":{"line":202,"column":58}},"80":{"start":{"line":211,"column":12},"end":{"line":219,"column":14}},"81":{"start":{"line":214,"column":29},"end":{"line":214,"column":43}},"82":{"start":{"line":215,"column":32},"end":{"line":215,"column":70}},"83":{"start":{"line":215,"column":55},"end":{"line":215,"column":69}}},"fnMap":{"0":{"name":"(anonymous_0)","decl":{"start":{"line":7,"column":24},"end":{"line":7,"column":25}},"loc":{"start":{"line":7,"column":88},"end":{"line":225,"column":1}},"line":7},"1":{"name":"(anonymous_1)","decl":{"start":{"line":18,"column":18},"end":{"line":18,"column":19}},"loc":{"start":{"line":18,"column":24},"end":{"line":26,"column":3}},"line":18},"2":{"name":"(anonymous_2)","decl":{"start":{"line":19,"column":24},"end":{"line":19,"column":25}},"loc":{"start":{"line":19,"column":30},"end":{"line":21,"column":5}},"line":19},"3":{"name":"(anonymous_3)","decl":{"start":{"line":25,"column":11},"end":{"line":25,"column":12}},"loc":{"start":{"line":25,"column":17},"end":{"line":25,"column":66}},"line":25},"4":{"name":"(anonymous_4)","decl":{"start":{"line":29,"column":18},"end":{"line":29,"column":19}},"loc":{"start":{"line":29,"column":24},"end":{"line":77,"column":3}},"line":29},"5":{"name":"(anonymous_5)","decl":{"start":{"line":42,"column":14},"end":{"line":42,"column":15}},"loc":{"start":{"line":42,"column":19},"end":{"line":47,"column":7}},"line":42},"6":{"name":"(anonymous_6)","decl":{"start":{"line":48,"column":12},"end":{"line":48,"column":13}},"loc":{"start":{"line":48,"column":22},"end":{"line":52,"column":7}},"line":48},"7":{"name":"(anonymous_7)","decl":{"start":{"line":60,"column":8},"end":{"line":60,"column":9}},"loc":{"start":{"line":60,"column":13},"end":{"line":60,"column":65}},"line":60},"8":{"name":"(anonymous_8)","decl":{"start":{"line":63,"column":8},"end":{"line":63,"column":9}},"loc":{"start":{"line":63,"column":13},"end":{"line":63,"column":65}},"line":63},"9":{"name":"(anonymous_9)","decl":{"start":{"line":68,"column":55},"end":{"line":68,"column":56}},"loc":{"start":{"line":68,"column":60},"end":{"line":68,"column":108}},"line":68},"10":{"name":"(anonymous_10)","decl":{"start":{"line":89,"column":21},"end":{"line":89,"column":22}},"loc":{"start":{"line":89,"column":27},"end":{"line":93,"column":3}},"line":89},"11":{"name":"(anonymous_11)","decl":{"start":{"line":95,"column":21},"end":{"line":95,"column":22}},"loc":{"start":{"line":95,"column":27},"end":{"line":99,"column":3}},"line":95},"12":{"name":"(anonymous_12)","decl":{"start":{"line":101,"column":24},"end":{"line":101,"column":25}},"loc":{"start":{"line":101,"column":39},"end":{"line":106,"column":3}},"line":101},"13":{"name":"(anonymous_13)","decl":{"start":{"line":108,"column":20},"end":{"line":108,"column":21}},"loc":{"start":{"line":108,"column":31},"end":{"line":110,"column":3}},"line":108},"14":{"name":"(anonymous_14)","decl":{"start":{"line":113,"column":23},"end":{"line":113,"column":24}},"loc":{"start":{"line":113,"column":30},"end":{"line":116,"column":3}},"line":113},"15":{"name":"(anonymous_15)","decl":{"start":{"line":118,"column":22},"end":{"line":118,"column":23}},"loc":{"start":{"line":118,"column":29},"end":{"line":120,"column":3}},"line":118},"16":{"name":"(anonymous_16)","decl":{"start":{"line":122,"column":21},"end":{"line":122,"column":22}},"loc":{"start":{"line":122,"column":27},"end":{"line":135,"column":3}},"line":122},"17":{"name":"(anonymous_17)","decl":{"start":{"line":175,"column":23},"end":{"line":175,"column":24}},"loc":{"start":{"line":175,"column":30},"end":{"line":175,"column":58}},"line":175},"18":{"name":"(anonymous_18)","decl":{"start":{"line":190,"column":32},"end":{"line":190,"column":33}},"loc":{"start":{"line":191,"column":16},"end":{"line":191,"column":102}},"line":191},"19":{"name":"(anonymous_19)","decl":{"start":{"line":202,"column":23},"end":{"line":202,"column":24}},"loc":{"start":{"line":202,"column":30},"end":{"line":202,"column":58}},"line":202},"20":{"name":"(anonymous_20)","decl":{"start":{"line":210,"column":39},"end":{"line":210,"column":40}},"loc":{"start":{"line":211,"column":12},"end":{"line":219,"column":14}},"line":211},"21":{"name":"(anonymous_21)","decl":{"start":{"line":214,"column":23},"end":{"line":214,"column":24}},"loc":{"start":{"line":214,"column":29},"end":{"line":214,"column":43}},"line":214},"22":{"name":"(anonymous_22)","decl":{"start":{"line":215,"column":25},"end":{"line":215,"column":26}},"loc":{"start":{"line":215,"column":32},"end":{"line":215,"column":70}},"line":215},"23":{"name":"(anonymous_23)","decl":{"start":{"line":215,"column":49},"end":{"line":215,"column":50}},"loc":{"start":{"line":215,"column":55},"end":{"line":215,"column":69}},"line":215}},"branchMap":{"0":{"loc":{"start":{"line":43,"column":8},"end":{"line":43,"column":54}},"type":"if","locations":[{"start":{"line":43,"column":8},"end":{"line":43,"column":54}},{"start":{},"end":{}}],"line":43},"1":{"loc":{"start":{"line":46,"column":15},"end":{"line":46,"column":75}},"type":"binary-expr","locations":[{"start":{"line":46,"column":15},"end":{"line":46,"column":37}},{"start":{"line":46,"column":41},"end":{"line":46,"column":75}}],"line":46},"2":{"loc":{"start":{"line":57,"column":4},"end":{"line":76,"column":5}},"type":"if","locations":[{"start":{"line":57,"column":4},"end":{"line":76,"column":5}},{"start":{"line":73,"column":11},"end":{"line":76,"column":5}}],"line":57},"3":{"loc":{"start":{"line":60,"column":13},"end":{"line":60,"column":65}},"type":"binary-expr","locations":[{"start":{"line":60,"column":13},"end":{"line":60,"column":37}},{"start":{"line":60,"column":41},"end":{"line":60,"column":65}}],"line":60},"4":{"loc":{"start":{"line":63,"column":13},"end":{"line":63,"column":65}},"type":"binary-expr","locations":[{"start":{"line":63,"column":13},"end":{"line":63,"column":37}},{"start":{"line":63,"column":41},"end":{"line":63,"column":65}}],"line":63},"5":{"loc":{"start":{"line":79,"column":2},"end":{"line":81,"column":3}},"type":"if","locations":[{"start":{"line":79,"column":2},"end":{"line":81,"column":3}},{"start":{},"end":{}}],"line":79},"6":{"loc":{"start":{"line":84,"column":24},"end":{"line":84,"column":40}},"type":"cond-expr","locations":[{"start":{"line":84,"column":35},"end":{"line":84,"column":36}},{"start":{"line":84,"column":39},"end":{"line":84,"column":40}}],"line":84},"7":{"loc":{"start":{"line":90,"column":4},"end":{"line":92,"column":5}},"type":"if","locations":[{"start":{"line":90,"column":4},"end":{"line":92,"column":5}},{"start":{},"end":{}}],"line":90},"8":{"loc":{"start":{"line":96,"column":4},"end":{"line":98,"column":5}},"type":"if","locations":[{"start":{"line":96,"column":4},"end":{"line":98,"column":5}},{"start":{},"end":{}}],"line":96},"9":{"loc":{"start":{"line":102,"column":4},"end":{"line":105,"column":5}},"type":"if","locations":[{"start":{"line":102,"column":4},"end":{"line":105,"column":5}},{"start":{},"end":{}}],"line":102},"10":{"loc":{"start":{"line":102,"column":8},"end":{"line":102,"column":42}},"type":"binary-expr","locations":[{"start":{"line":102,"column":8},"end":{"line":102,"column":25}},{"start":{"line":102,"column":29},"end":{"line":102,"column":42}}],"line":102},"11":{"loc":{"start":{"line":123,"column":4},"end":{"line":123,"column":41}},"type":"if","locations":[{"start":{"line":123,"column":4},"end":{"line":123,"column":41}},{"start":{},"end":{}}],"line":123},"12":{"loc":{"start":{"line":123,"column":8},"end":{"line":123,"column":32}},"type":"binary-expr","locations":[{"start":{"line":123,"column":8},"end":{"line":123,"column":19}},{"start":{"line":123,"column":23},"end":{"line":123,"column":32}}],"line":123},"13":{"loc":{"start":{"line":129,"column":4},"end":{"line":131,"column":5}},"type":"if","locations":[{"start":{"line":129,"column":4},"end":{"line":131,"column":5}},{"start":{},"end":{}}],"line":129},"14":{"loc":{"start":{"line":129,"column":8},"end":{"line":129,"column":32}},"type":"binary-expr","locations":[{"start":{"line":129,"column":8},"end":{"line":129,"column":19}},{"start":{"line":129,"column":23},"end":{"line":129,"column":32}}],"line":129},"15":{"loc":{"start":{"line":132,"column":4},"end":{"line":134,"column":5}},"type":"if","locations":[{"start":{"line":132,"column":4},"end":{"line":134,"column":5}},{"start":{},"end":{}}],"line":132},"16":{"loc":{"start":{"line":132,"column":8},"end":{"line":132,"column":33}},"type":"binary-expr","locations":[{"start":{"line":132,"column":8},"end":{"line":132,"column":20}},{"start":{"line":132,"column":24},"end":{"line":132,"column":33}}],"line":132},"17":{"loc":{"start":{"line":152,"column":13},"end":{"line":156,"column":13}},"type":"binary-expr","locations":[{"start":{"line":152,"column":13},"end":{"line":152,"column":25}},{"start":{"line":153,"column":14},"end":{"line":155,"column":21}}],"line":152},"18":{"loc":{"start":{"line":164,"column":13},"end":{"line":164,"column":44}},"type":"binary-expr","locations":[{"start":{"line":164,"column":13},"end":{"line":164,"column":25}},{"start":{"line":164,"column":29},"end":{"line":164,"column":44}}],"line":164},"19":{"loc":{"start":{"line":213,"column":47},"end":{"line":213,"column":83}},"type":"cond-expr","locations":[{"start":{"line":213,"column":70},"end":{"line":213,"column":78}},{"start":{"line":213,"column":81},"end":{"line":213,"column":83}}],"line":213}},"s":{"0":2,"1":137,"2":137,"3":137,"4":137,"5":137,"6":137,"7":137,"8":47,"9":47,"10":47,"11":47,"12":47,"13":47,"14":137,"15":49,"16":49,"17":49,"18":49,"19":49,"20":3900,"21":1045,"22":2855,"23":2855,"24":388,"25":388,"26":388,"27":49,"28":49,"29":49,"30":4,"31":24,"32":4,"33":24,"34":4,"35":4,"36":4,"37":5,"38":4,"39":4,"40":45,"41":137,"42":49,"43":88,"44":88,"45":88,"46":88,"47":88,"48":2,"49":2,"50":88,"51":6,"52":6,"53":88,"54":3,"55":3,"56":3,"57":88,"58":2,"59":88,"60":3,"61":3,"62":88,"63":3,"64":88,"65":3,"66":0,"67":3,"68":3,"69":3,"70":3,"71":1,"72":3,"73":1,"74":88,"75":88,"76":88,"77":0,"78":243,"79":2,"80":281,"81":1,"82":1,"83":1},"f":{"0":137,"1":47,"2":47,"3":47,"4":49,"5":3900,"6":388,"7":24,"8":24,"9":5,"10":2,"11":6,"12":3,"13":2,"14":3,"15":3,"16":3,"17":0,"18":243,"19":2,"20":281,"21":1,"22":1,"23":1},"b":{"0":[1045,2855],"1":[2855,1114],"2":[4,45],"3":[24,21],"4":[24,21],"5":[49,88],"6":[0,88],"7":[2,0],"8":[6,0],"9":[3,0],"10":[3,1],"11":[0,3],"12":[3,3],"13":[1,2],"14":[3,1],"15":[1,2],"16":[3,1],"17":[88,5],"18":[88,83],"19":[88,193]},"_coverageSchema":"1a1c01bbd47fc00a2c39e90264f33305004495a9","hash":"94aee9ad74440c655df59f600ccea2fbb91d117a"}
,"/Users/x/work/DGSL-2026/src/components/FilterSection.js": {"path":"/Users/x/work/DGSL-2026/src/components/FilterSection.js","statementMap":{"0":{"start":{"line":7,"column":22},"end":{"line":148,"column":1}},"1":{"start":{"line":23,"column":2},"end":{"line":147,"column":4}},"2":{"start":{"line":27,"column":23},"end":{"line":27,"column":59}},"3":{"start":{"line":31,"column":10},"end":{"line":34,"column":11}},"4":{"start":{"line":32,"column":12},"end":{"line":32,"column":31}},"5":{"start":{"line":33,"column":12},"end":{"line":33,"column":49}},"6":{"start":{"line":47,"column":12},"end":{"line":47,"column":32}},"7":{"start":{"line":48,"column":12},"end":{"line":48,"column":49}},"8":{"start":{"line":66,"column":31},"end":{"line":66,"column":66}},"9":{"start":{"line":83,"column":31},"end":{"line":83,"column":63}},"10":{"start":{"line":98,"column":31},"end":{"line":98,"column":62}},"11":{"start":{"line":105,"column":16},"end":{"line":105,"column":63}},"12":{"start":{"line":115,"column":31},"end":{"line":115,"column":62}},"13":{"start":{"line":122,"column":16},"end":{"line":122,"column":75}},"14":{"start":{"line":132,"column":31},"end":{"line":132,"column":59}}},"fnMap":{"0":{"name":"(anonymous_0)","decl":{"start":{"line":7,"column":22},"end":{"line":7,"column":23}},"loc":{"start":{"line":22,"column":6},"end":{"line":148,"column":1}},"line":22},"1":{"name":"(anonymous_1)","decl":{"start":{"line":27,"column":17},"end":{"line":27,"column":18}},"loc":{"start":{"line":27,"column":23},"end":{"line":27,"column":59}},"line":27},"2":{"name":"(anonymous_2)","decl":{"start":{"line":30,"column":20},"end":{"line":30,"column":21}},"loc":{"start":{"line":30,"column":27},"end":{"line":35,"column":9}},"line":30},"3":{"name":"(anonymous_3)","decl":{"start":{"line":46,"column":19},"end":{"line":46,"column":20}},"loc":{"start":{"line":46,"column":26},"end":{"line":49,"column":11}},"line":46},"4":{"name":"(anonymous_4)","decl":{"start":{"line":66,"column":24},"end":{"line":66,"column":25}},"loc":{"start":{"line":66,"column":31},"end":{"line":66,"column":66}},"line":66},"5":{"name":"(anonymous_5)","decl":{"start":{"line":83,"column":24},"end":{"line":83,"column":25}},"loc":{"start":{"line":83,"column":31},"end":{"line":83,"column":63}},"line":83},"6":{"name":"(anonymous_6)","decl":{"start":{"line":98,"column":24},"end":{"line":98,"column":25}},"loc":{"start":{"line":98,"column":31},"end":{"line":98,"column":62}},"line":98},"7":{"name":"(anonymous_7)","decl":{"start":{"line":104,"column":28},"end":{"line":104,"column":29}},"loc":{"start":{"line":105,"column":16},"end":{"line":105,"column":63}},"line":105},"8":{"name":"(anonymous_8)","decl":{"start":{"line":115,"column":24},"end":{"line":115,"column":25}},"loc":{"start":{"line":115,"column":31},"end":{"line":115,"column":62}},"line":115},"9":{"name":"(anonymous_9)","decl":{"start":{"line":121,"column":31},"end":{"line":121,"column":32}},"loc":{"start":{"line":122,"column":16},"end":{"line":122,"column":75}},"line":122},"10":{"name":"(anonymous_10)","decl":{"start":{"line":132,"column":24},"end":{"line":132,"column":25}},"loc":{"start":{"line":132,"column":31},"end":{"line":132,"column":59}},"line":132}},"branchMap":{"0":{"loc":{"start":{"line":31,"column":10},"end":{"line":34,"column":11}},"type":"if","locations":[{"start":{"line":31,"column":10},"end":{"line":34,"column":11}},{"start":{},"end":{}}],"line":31},"1":{"loc":{"start":{"line":31,"column":14},"end":{"line":31,"column":48}},"type":"binary-expr","locations":[{"start":{"line":31,"column":14},"end":{"line":31,"column":31}},{"start":{"line":31,"column":35},"end":{"line":31,"column":48}}],"line":31},"2":{"loc":{"start":{"line":44,"column":43},"end":{"line":44,"column":78}},"type":"cond-expr","locations":[{"start":{"line":44,"column":62},"end":{"line":44,"column":73}},{"start":{"line":44,"column":76},"end":{"line":44,"column":78}}],"line":44},"3":{"loc":{"start":{"line":45,"column":22},"end":{"line":45,"column":77}},"type":"cond-expr","locations":[{"start":{"line":45,"column":40},"end":{"line":45,"column":58}},{"start":{"line":45,"column":61},"end":{"line":45,"column":77}}],"line":45},"4":{"loc":{"start":{"line":57,"column":38},"end":{"line":57,"column":73}},"type":"cond-expr","locations":[{"start":{"line":57,"column":57},"end":{"line":57,"column":68}},{"start":{"line":57,"column":71},"end":{"line":57,"column":73}}],"line":57},"5":{"loc":{"start":{"line":69,"column":24},"end":{"line":69,"column":48}},"type":"cond-expr","locations":[{"start":{"line":69,"column":42},"end":{"line":69,"column":43}},{"start":{"line":69,"column":46},"end":{"line":69,"column":48}}],"line":69},"6":{"loc":{"start":{"line":86,"column":24},"end":{"line":86,"column":48}},"type":"cond-expr","locations":[{"start":{"line":86,"column":42},"end":{"line":86,"column":43}},{"start":{"line":86,"column":46},"end":{"line":86,"column":48}}],"line":86},"7":{"loc":{"start":{"line":101,"column":24},"end":{"line":101,"column":48}},"type":"cond-expr","locations":[{"start":{"line":101,"column":42},"end":{"line":101,"column":43}},{"start":{"line":101,"column":46},"end":{"line":101,"column":48}}],"line":101},"8":{"loc":{"start":{"line":118,"column":24},"end":{"line":118,"column":48}},"type":"cond-expr","locations":[{"start":{"line":118,"column":42},"end":{"line":118,"column":43}},{"start":{"line":118,"column":46},"end":{"line":118,"column":48}}],"line":118},"9":{"loc":{"start":{"line":135,"column":24},"end":{"line":135,"column":48}},"type":"cond-expr","locations":[{"start":{"line":135,"column":42},"end":{"line":135,"column":43}},{"start":{"line":135,"column":46},"end":{"line":135,"column":48}}],"line":135}},"s":{"0":2,"1":98,"2":1,"3":2,"4":2,"5":2,"6":1,"7":1,"8":5,"9":1,"10":3,"11":1334,"12":2,"13":916,"14":4},"f":{"0":98,"1":1,"2":2,"3":1,"4":5,"5":1,"6":3,"7":1334,"8":2,"9":916,"10":4},"b":{"0":[2,0],"1":[2,1],"2":[4,94],"3":[94,4],"4":[4,94],"5":[94,4],"6":[94,4],"7":[94,4],"8":[94,4],"9":[94,4]},"_coverageSchema":"1a1c01bbd47fc00a2c39e90264f33305004495a9","hash":"0985b88fdb7d14534c47b2a0cf9987f087057a88"}
,"/Users/x/work/DGSL-2026/src/components/ScheduleTable.js": {"path":"/Users/x/work/DGSL-2026/src/components/ScheduleTable.js","statementMap":{"0":{"start":{"line":8,"column":22},"end":{"line":127,"column":1}},"1":{"start":{"line":16,"column":2},"end":{"line":126,"column":4}},"2":{"start":{"line":24,"column":31},"end":{"line":24,"column":49}},"3":{"start":{"line":25,"column":35},"end":{"line":25,"column":74}},"4":{"start":{"line":33,"column":31},"end":{"line":33,"column":49}},"5":{"start":{"line":34,"column":35},"end":{"line":34,"column":74}},"6":{"start":{"line":44,"column":31},"end":{"line":44,"column":50}},"7":{"start":{"line":45,"column":35},"end":{"line":45,"column":75}},"8":{"start":{"line":60,"column":38},"end":{"line":60,"column":58}},"9":{"start":{"line":61,"column":31},"end":{"line":61,"column":42}},"10":{"start":{"line":62,"column":16},"end":{"line":70,"column":17}},"11":{"start":{"line":63,"column":18},"end":{"line":63,"column":50}},"12":{"start":{"line":64,"column":23},"end":{"line":70,"column":17}},"13":{"start":{"line":65,"column":18},"end":{"line":65,"column":53}},"14":{"start":{"line":66,"column":23},"end":{"line":70,"column":17}},"15":{"start":{"line":67,"column":18},"end":{"line":67,"column":48}},"16":{"start":{"line":69,"column":18},"end":{"line":69,"column":83}},"17":{"start":{"line":72,"column":16},"end":{"line":113,"column":18}},"18":{"start":{"line":102,"column":41},"end":{"line":102,"column":80}}},"fnMap":{"0":{"name":"(anonymous_0)","decl":{"start":{"line":8,"column":22},"end":{"line":8,"column":23}},"loc":{"start":{"line":15,"column":6},"end":{"line":127,"column":1}},"line":15},"1":{"name":"(anonymous_1)","decl":{"start":{"line":24,"column":25},"end":{"line":24,"column":26}},"loc":{"start":{"line":24,"column":31},"end":{"line":24,"column":49}},"line":24},"2":{"name":"(anonymous_2)","decl":{"start":{"line":25,"column":28},"end":{"line":25,"column":29}},"loc":{"start":{"line":25,"column":35},"end":{"line":25,"column":74}},"line":25},"3":{"name":"(anonymous_3)","decl":{"start":{"line":33,"column":25},"end":{"line":33,"column":26}},"loc":{"start":{"line":33,"column":31},"end":{"line":33,"column":49}},"line":33},"4":{"name":"(anonymous_4)","decl":{"start":{"line":34,"column":28},"end":{"line":34,"column":29}},"loc":{"start":{"line":34,"column":35},"end":{"line":34,"column":74}},"line":34},"5":{"name":"(anonymous_5)","decl":{"start":{"line":44,"column":25},"end":{"line":44,"column":26}},"loc":{"start":{"line":44,"column":31},"end":{"line":44,"column":50}},"line":44},"6":{"name":"(anonymous_6)","decl":{"start":{"line":45,"column":28},"end":{"line":45,"column":29}},"loc":{"start":{"line":45,"column":35},"end":{"line":45,"column":75}},"line":45},"7":{"name":"(anonymous_7)","decl":{"start":{"line":59,"column":34},"end":{"line":59,"column":35}},"loc":{"start":{"line":59,"column":50},"end":{"line":114,"column":15}},"line":59},"8":{"name":"(anonymous_8)","decl":{"start":{"line":102,"column":34},"end":{"line":102,"column":35}},"loc":{"start":{"line":102,"column":41},"end":{"line":102,"column":80}},"line":102}},"branchMap":{"0":{"loc":{"start":{"line":25,"column":35},"end":{"line":25,"column":74}},"type":"binary-expr","locations":[{"start":{"line":25,"column":35},"end":{"line":25,"column":52}},{"start":{"line":25,"column":56},"end":{"line":25,"column":74}}],"line":25},"1":{"loc":{"start":{"line":27,"column":27},"end":{"line":27,"column":125}},"type":"cond-expr","locations":[{"start":{"line":27,"column":56},"end":{"line":27,"column":115}},{"start":{"line":27,"column":119},"end":{"line":27,"column":125}}],"line":27},"2":{"loc":{"start":{"line":27,"column":56},"end":{"line":27,"column":115}},"type":"cond-expr","locations":[{"start":{"line":27,"column":89},"end":{"line":27,"column":100}},{"start":{"line":27,"column":103},"end":{"line":27,"column":115}}],"line":27},"3":{"loc":{"start":{"line":34,"column":35},"end":{"line":34,"column":74}},"type":"binary-expr","locations":[{"start":{"line":34,"column":35},"end":{"line":34,"column":52}},{"start":{"line":34,"column":56},"end":{"line":34,"column":74}}],"line":34},"4":{"loc":{"start":{"line":36,"column":27},"end":{"line":36,"column":125}},"type":"cond-expr","locations":[{"start":{"line":36,"column":56},"end":{"line":36,"column":115}},{"start":{"line":36,"column":119},"end":{"line":36,"column":125}}],"line":36},"5":{"loc":{"start":{"line":36,"column":56},"end":{"line":36,"column":115}},"type":"cond-expr","locations":[{"start":{"line":36,"column":89},"end":{"line":36,"column":100}},{"start":{"line":36,"column":103},"end":{"line":36,"column":115}}],"line":36},"6":{"loc":{"start":{"line":45,"column":35},"end":{"line":45,"column":75}},"type":"binary-expr","locations":[{"start":{"line":45,"column":35},"end":{"line":45,"column":52}},{"start":{"line":45,"column":56},"end":{"line":45,"column":75}}],"line":45},"7":{"loc":{"start":{"line":47,"column":27},"end":{"line":47,"column":126}},"type":"cond-expr","locations":[{"start":{"line":47,"column":57},"end":{"line":47,"column":116}},{"start":{"line":47,"column":120},"end":{"line":47,"column":126}}],"line":47},"8":{"loc":{"start":{"line":47,"column":57},"end":{"line":47,"column":116}},"type":"cond-expr","locations":[{"start":{"line":47,"column":90},"end":{"line":47,"column":101}},{"start":{"line":47,"column":104},"end":{"line":47,"column":116}}],"line":47},"9":{"loc":{"start":{"line":58,"column":13},"end":{"line":121,"column":13}},"type":"cond-expr","locations":[{"start":{"line":59,"column":14},"end":{"line":114,"column":16}},{"start":{"line":116,"column":14},"end":{"line":120,"column":19}}],"line":58},"10":{"loc":{"start":{"line":62,"column":16},"end":{"line":70,"column":17}},"type":"if","locations":[{"start":{"line":62,"column":16},"end":{"line":70,"column":17}},{"start":{"line":64,"column":23},"end":{"line":70,"column":17}}],"line":62},"11":{"loc":{"start":{"line":64,"column":23},"end":{"line":70,"column":17}},"type":"if","locations":[{"start":{"line":64,"column":23},"end":{"line":70,"column":17}},{"start":{"line":66,"column":23},"end":{"line":70,"column":17}}],"line":64},"12":{"loc":{"start":{"line":66,"column":23},"end":{"line":70,"column":17}},"type":"if","locations":[{"start":{"line":66,"column":23},"end":{"line":70,"column":17}},{"start":{"line":68,"column":23},"end":{"line":70,"column":17}}],"line":66},"13":{"loc":{"start":{"line":69,"column":30},"end":{"line":69,"column":82}},"type":"cond-expr","locations":[{"start":{"line":69,"column":46},"end":{"line":69,"column":63}},{"start":{"line":69,"column":66},"end":{"line":69,"column":82}}],"line":69}},"s":{"0":2,"1":98,"2":4,"3":0,"4":1,"5":1,"6":1,"7":0,"8":9518,"9":9518,"10":9518,"11":3,"12":9515,"13":2,"14":9513,"15":2570,"16":6943,"17":9518,"18":2},"f":{"0":98,"1":4,"2":0,"3":1,"4":1,"5":1,"6":0,"7":9518,"8":2},"b":{"0":[0,0],"1":[4,94],"2":[3,1],"3":[1,1],"4":[2,96],"5":[1,1],"6":[0,0],"7":[1,97],"8":[1,0],"9":[95,3],"10":[3,9515],"11":[2,9513],"12":[2570,6943],"13":[3471,3472]},"_coverageSchema":"1a1c01bbd47fc00a2c39e90264f33305004495a9","hash":"e9abde5c1b322970eadc8a3b30e32c15d5315161"}
,"/Users/x/work/DGSL-2026/src/components/TeamFlag.js": {"path":"/Users/x/work/DGSL-2026/src/components/TeamFlag.js","statementMap":{"0":{"start":{"line":7,"column":17},"end":{"line":26,"column":1}},"1":{"start":{"line":8,"column":34},"end":{"line":8,"column":54}},"2":{"start":{"line":9,"column":18},"end":{"line":9,"column":38}},"3":{"start":{"line":12,"column":2},"end":{"line":25,"column":4}},"4":{"start":{"line":20,"column":25},"end":{"line":20,"column":43}}},"fnMap":{"0":{"name":"(anonymous_0)","decl":{"start":{"line":7,"column":17},"end":{"line":7,"column":18}},"loc":{"start":{"line":7,"column":35},"end":{"line":26,"column":1}},"line":7},"1":{"name":"(anonymous_1)","decl":{"start":{"line":20,"column":19},"end":{"line":20,"column":20}},"loc":{"start":{"line":20,"column":25},"end":{"line":20,"column":43}},"line":20}},"branchMap":{"0":{"loc":{"start":{"line":14,"column":7},"end":{"line":22,"column":7}},"type":"binary-expr","locations":[{"start":{"line":14,"column":7},"end":{"line":14,"column":14}},{"start":{"line":14,"column":18},"end":{"line":14,"column":26}},{"start":{"line":15,"column":8},"end":{"line":21,"column":10}}],"line":14}},"s":{"0":5,"1":19546,"2":19546,"3":19546,"4":1},"f":{"0":19546,"1":1},"b":{"0":[19546,14409,14408]},"_coverageSchema":"1a1c01bbd47fc00a2c39e90264f33305004495a9","hash":"83862e90da21ff86a16305bf60843f7e18ba626d"}
,"/Users/x/work/DGSL-2026/src/components/TeamSelectionDialog.js": {"path":"/Users/x/work/DGSL-2026/src/components/TeamSelectionDialog.js","statementMap":{"0":{"start":{"line":7,"column":28},"end":{"line":125,"column":1}},"1":{"start":{"line":8,"column":42},"end":{"line":8,"column":73}},"2":{"start":{"line":10,"column":2},"end":{"line":12,"column":24}},"3":{"start":{"line":11,"column":4},"end":{"line":11,"column":37}},"4":{"start":{"line":15,"column":2},"end":{"line":24,"column":24}},"5":{"start":{"line":16,"column":25},"end":{"line":20,"column":5}},"6":{"start":{"line":17,"column":6},"end":{"line":19,"column":7}},"7":{"start":{"line":18,"column":8},"end":{"line":18,"column":18}},"8":{"start":{"line":22,"column":4},"end":{"line":22,"column":53}},"9":{"start":{"line":23,"column":4},"end":{"line":23,"column":69}},"10":{"start":{"line":23,"column":17},"end":{"line":23,"column":68}},"11":{"start":{"line":26,"column":21},"end":{"line":29,"column":3}},"12":{"start":{"line":27,"column":4},"end":{"line":27,"column":31}},"13":{"start":{"line":28,"column":4},"end":{"line":28,"column":14}},"14":{"start":{"line":31,"column":22},"end":{"line":35,"column":3}},"15":{"start":{"line":32,"column":4},"end":{"line":32,"column":26}},"16":{"start":{"line":33,"column":4},"end":{"line":33,"column":23}},"17":{"start":{"line":34,"column":4},"end":{"line":34,"column":14}},"18":{"start":{"line":37,"column":24},"end":{"line":42,"column":3}},"19":{"start":{"line":38,"column":4},"end":{"line":41,"column":5}},"20":{"start":{"line":39,"column":6},"end":{"line":39,"column":25}},"21":{"start":{"line":40,"column":6},"end":{"line":40,"column":15}},"22":{"start":{"line":44,"column":2},"end":{"line":44,"column":27}},"23":{"start":{"line":44,"column":15},"end":{"line":44,"column":27}},"24":{"start":{"line":46,"column":2},"end":{"line":124,"column":4}},"25":{"start":{"line":56,"column":24},"end":{"line":56,"column":43}},"26":{"start":{"line":81,"column":30},"end":{"line":81,"column":53}},"27":{"start":{"line":83,"column":32},"end":{"line":83,"column":48}},"28":{"start":{"line":84,"column":16},"end":{"line":103,"column":18}},"29":{"start":{"line":88,"column":35},"end":{"line":88,"column":56}},"30":{"start":{"line":89,"column":38},"end":{"line":89,"column":83}},"31":{"start":{"line":89,"column":61},"end":{"line":89,"column":82}}},"fnMap":{"0":{"name":"(anonymous_0)","decl":{"start":{"line":7,"column":28},"end":{"line":7,"column":29}},"loc":{"start":{"line":7,"column":94},"end":{"line":125,"column":1}},"line":7},"1":{"name":"(anonymous_1)","decl":{"start":{"line":10,"column":18},"end":{"line":10,"column":19}},"loc":{"start":{"line":10,"column":24},"end":{"line":12,"column":3}},"line":10},"2":{"name":"(anonymous_2)","decl":{"start":{"line":15,"column":18},"end":{"line":15,"column":19}},"loc":{"start":{"line":15,"column":24},"end":{"line":24,"column":3}},"line":15},"3":{"name":"(anonymous_3)","decl":{"start":{"line":16,"column":25},"end":{"line":16,"column":26}},"loc":{"start":{"line":16,"column":32},"end":{"line":20,"column":5}},"line":16},"4":{"name":"(anonymous_4)","decl":{"start":{"line":23,"column":11},"end":{"line":23,"column":12}},"loc":{"start":{"line":23,"column":17},"end":{"line":23,"column":68}},"line":23},"5":{"name":"(anonymous_5)","decl":{"start":{"line":26,"column":21},"end":{"line":26,"column":22}},"loc":{"start":{"line":26,"column":27},"end":{"line":29,"column":3}},"line":26},"6":{"name":"(anonymous_6)","decl":{"start":{"line":31,"column":22},"end":{"line":31,"column":23}},"loc":{"start":{"line":31,"column":28},"end":{"line":35,"column":3}},"line":31},"7":{"name":"(anonymous_7)","decl":{"start":{"line":37,"column":24},"end":{"line":37,"column":25}},"loc":{"start":{"line":37,"column":39},"end":{"line":42,"column":3}},"line":37},"8":{"name":"(anonymous_8)","decl":{"start":{"line":56,"column":17},"end":{"line":56,"column":18}},"loc":{"start":{"line":56,"column":24},"end":{"line":56,"column":43}},"line":56},"9":{"name":"(anonymous_9)","decl":{"start":{"line":81,"column":22},"end":{"line":81,"column":23}},"loc":{"start":{"line":81,"column":30},"end":{"line":81,"column":53}},"line":81},"10":{"name":"(anonymous_10)","decl":{"start":{"line":82,"column":19},"end":{"line":82,"column":20}},"loc":{"start":{"line":82,"column":29},"end":{"line":104,"column":15}},"line":82},"11":{"name":"(anonymous_11)","decl":{"start":{"line":88,"column":29},"end":{"line":88,"column":30}},"loc":{"start":{"line":88,"column":35},"end":{"line":88,"column":56}},"line":88},"12":{"name":"(anonymous_12)","decl":{"start":{"line":89,"column":31},"end":{"line":89,"column":32}},"loc":{"start":{"line":89,"column":38},"end":{"line":89,"column":83}},"line":89},"13":{"name":"(anonymous_13)","decl":{"start":{"line":89,"column":55},"end":{"line":89,"column":56}},"loc":{"start":{"line":89,"column":61},"end":{"line":89,"column":82}},"line":89}},"branchMap":{"0":{"loc":{"start":{"line":17,"column":6},"end":{"line":19,"column":7}},"type":"if","locations":[{"start":{"line":17,"column":6},"end":{"line":19,"column":7}},{"start":{},"end":{}}],"line":17},"1":{"loc":{"start":{"line":17,"column":10},"end":{"line":17,"column":38}},"type":"binary-expr","locations":[{"start":{"line":17,"column":10},"end":{"line":17,"column":28}},{"start":{"line":17,"column":32},"end":{"line":17,"column":38}}],"line":17},"2":{"loc":{"start":{"line":38,"column":4},"end":{"line":41,"column":5}},"type":"if","locations":[{"start":{"line":38,"column":4},"end":{"line":41,"column":5}},{"start":{},"end":{}}],"line":38},"3":{"loc":{"start":{"line":38,"column":8},"end":{"line":38,"column":42}},"type":"binary-expr","locations":[{"start":{"line":38,"column":8},"end":{"line":38,"column":25}},{"start":{"line":38,"column":29},"end":{"line":38,"column":42}}],"line":38},"4":{"loc":{"start":{"line":44,"column":2},"end":{"line":44,"column":27}},"type":"if","locations":[{"start":{"line":44,"column":2},"end":{"line":44,"column":27}},{"start":{},"end":{}}],"line":44},"5":{"loc":{"start":{"line":87,"column":44},"end":{"line":87,"column":83}},"type":"cond-expr","locations":[{"start":{"line":87,"column":68},"end":{"line":87,"column":78}},{"start":{"line":87,"column":81},"end":{"line":87,"column":83}}],"line":87},"6":{"loc":{"start":{"line":94,"column":21},"end":{"line":100,"column":21}},"type":"binary-expr","locations":[{"start":{"line":94,"column":21},"end":{"line":94,"column":28}},{"start":{"line":95,"column":22},"end":{"line":99,"column":24}}],"line":94}},"s":{"0":2,"1":105,"2":105,"3":43,"4":105,"5":94,"6":3,"7":1,"8":94,"9":94,"10":94,"11":105,"12":2,"13":2,"14":105,"15":1,"16":1,"17":1,"18":105,"19":2,"20":2,"21":2,"22":105,"23":78,"24":27,"25":9,"26":179,"27":152,"28":152,"29":3,"30":2,"31":2},"f":{"0":105,"1":43,"2":94,"3":3,"4":94,"5":2,"6":1,"7":2,"8":9,"9":179,"10":152,"11":3,"12":2,"13":2},"b":{"0":[1,2],"1":[3,1],"2":[2,0],"3":[2,1],"4":[78,27],"5":[11,141],"6":[152,152]},"_coverageSchema":"1a1c01bbd47fc00a2c39e90264f33305004495a9","hash":"ea89420af99b895d002ae7f6019e1e889ede9e16"}
,"/Users/x/work/DGSL-2026/src/components/WeatherWidget.js": {"path":"/Users/x/work/DGSL-2026/src/components/WeatherWidget.js","statementMap":{"0":{"start":{"line":7,"column":22},"end":{"line":24,"column":1}},"1":{"start":{"line":8,"column":2},"end":{"line":10,"column":3}},"2":{"start":{"line":9,"column":4},"end":{"line":9,"column":16}},"3":{"start":{"line":12,"column":2},"end":{"line":23,"column":4}}},"fnMap":{"0":{"name":"(anonymous_0)","decl":{"start":{"line":7,"column":22},"end":{"line":7,"column":23}},"loc":{"start":{"line":7,"column":39},"end":{"line":24,"column":1}},"line":7}},"branchMap":{"0":{"loc":{"start":{"line":8,"column":2},"end":{"line":10,"column":3}},"type":"if","locations":[{"start":{"line":8,"column":2},"end":{"line":10,"column":3}},{"start":{},"end":{}}],"line":8}},"s":{"0":2,"1":7,"2":1,"3":6},"f":{"0":7},"b":{"0":[1,6]},"_coverageSchema":"1a1c01bbd47fc00a2c39e90264f33305004495a9","hash":"0471bf2c444a2213f16e96806b7366403485436d"}
,"/Users/x/work/DGSL-2026/src/constants/index.js": {"path":"/Users/x/work/DGSL-2026/src/constants/index.js","statementMap":{"0":{"start":{"line":2,"column":30},"end":{"line":18,"column":1}},"1":{"start":{"line":21,"column":28},"end":{"line":154,"column":1}}},"fnMap":{},"branchMap":{},"s":{"0":9,"1":9},"f":{},"b":{},"_coverageSchema":"1a1c01bbd47fc00a2c39e90264f33305004495a9","hash":"60f9af3190561819f790aee95c4fcdfe2d6dfbb6"}
,"/Users/x/work/DGSL-2026/src/hooks/useLocalStorage.js": {"path":"/Users/x/work/DGSL-2026/src/hooks/useLocalStorage.js","statementMap":{"0":{"start":{"line":10,"column":31},"end":{"line":52,"column":1}},"1":{"start":{"line":13,"column":40},"end":{"line":27,"column":4}},"2":{"start":{"line":14,"column":4},"end":{"line":26,"column":5}},"3":{"start":{"line":16,"column":19},"end":{"line":16,"column":51}},"4":{"start":{"line":18,"column":6},"end":{"line":20,"column":7}},"5":{"start":{"line":19,"column":8},"end":{"line":19,"column":48}},"6":{"start":{"line":21,"column":6},"end":{"line":21,"column":26}},"7":{"start":{"line":24,"column":6},"end":{"line":24,"column":71}},"8":{"start":{"line":25,"column":6},"end":{"line":25,"column":26}},"9":{"start":{"line":31,"column":19},"end":{"line":49,"column":3}},"10":{"start":{"line":32,"column":4},"end":{"line":48,"column":5}},"11":{"start":{"line":34,"column":27},"end":{"line":34,"column":81}},"12":{"start":{"line":36,"column":6},"end":{"line":36,"column":35}},"13":{"start":{"line":38,"column":6},"end":{"line":45,"column":7}},"14":{"start":{"line":39,"column":8},"end":{"line":39,"column":44}},"15":{"start":{"line":41,"column":8},"end":{"line":44,"column":10}},"16":{"start":{"line":47,"column":6},"end":{"line":47,"column":70}},"17":{"start":{"line":51,"column":2},"end":{"line":51,"column":33}}},"fnMap":{"0":{"name":"(anonymous_0)","decl":{"start":{"line":10,"column":31},"end":{"line":10,"column":32}},"loc":{"start":{"line":10,"column":70},"end":{"line":52,"column":1}},"line":10},"1":{"name":"(anonymous_1)","decl":{"start":{"line":13,"column":49},"end":{"line":13,"column":50}},"loc":{"start":{"line":13,"column":55},"end":{"line":27,"column":3}},"line":13},"2":{"name":"(anonymous_2)","decl":{"start":{"line":31,"column":19},"end":{"line":31,"column":20}},"loc":{"start":{"line":31,"column":30},"end":{"line":49,"column":3}},"line":31}},"branchMap":{"0":{"loc":{"start":{"line":10,"column":51},"end":{"line":10,"column":65}},"type":"default-arg","locations":[{"start":{"line":10,"column":60},"end":{"line":10,"column":65}}],"line":10},"1":{"loc":{"start":{"line":18,"column":6},"end":{"line":20,"column":7}},"type":"if","locations":[{"start":{"line":18,"column":6},"end":{"line":20,"column":7}},{"start":{},"end":{}}],"line":18},"2":{"loc":{"start":{"line":19,"column":15},"end":{"line":19,"column":47}},"type":"cond-expr","locations":[{"start":{"line":19,"column":24},"end":{"line":19,"column":40}},{"start":{"line":19,"column":43},"end":{"line":19,"column":47}}],"line":19},"3":{"loc":{"start":{"line":34,"column":27},"end":{"line":34,"column":81}},"type":"cond-expr","locations":[{"start":{"line":34,"column":55},"end":{"line":34,"column":73}},{"start":{"line":34,"column":76},"end":{"line":34,"column":81}}],"line":34},"4":{"loc":{"start":{"line":38,"column":6},"end":{"line":45,"column":7}},"type":"if","locations":[{"start":{"line":38,"column":6},"end":{"line":45,"column":7}},{"start":{"line":40,"column":13},"end":{"line":45,"column":7}}],"line":38},"5":{"loc":{"start":{"line":38,"column":10},"end":{"line":38,"column":61}},"type":"binary-expr","locations":[{"start":{"line":38,"column":10},"end":{"line":38,"column":31}},{"start":{"line":38,"column":35},"end":{"line":38,"column":61}}],"line":38},"6":{"loc":{"start":{"line":43,"column":10},"end":{"line":43,"column":62}},"type":"cond-expr","locations":[{"start":{"line":43,"column":19},"end":{"line":43,"column":47}},{"start":{"line":43,"column":50},"end":{"line":43,"column":62}}],"line":43}},"s":{"0":2,"1":721,"2":252,"3":252,"4":252,"5":0,"6":252,"7":0,"8":0,"9":720,"10":46,"11":46,"12":46,"13":46,"14":0,"15":46,"16":0,"17":720},"f":{"0":721,"1":252,"2":46},"b":{"0":[561],"1":[0,252],"2":[0,0],"3":[1,45],"4":[0,46],"5":[46,46],"6":[6,40]},"_coverageSchema":"1a1c01bbd47fc00a2c39e90264f33305004495a9","hash":"d5d057dd7f8790e809235c2b5411699519d75c9b"}
,"/Users/x/work/DGSL-2026/src/utils/helpers.js": {"path":"/Users/x/work/DGSL-2026/src/utils/helpers.js","statementMap":{"0":{"start":{"line":4,"column":26},"end":{"line":10,"column":1}},"1":{"start":{"line":5,"column":15},"end":{"line":5,"column":39}},"2":{"start":{"line":6,"column":2},"end":{"line":6,"column":25}},"3":{"start":{"line":6,"column":13},"end":{"line":6,"column":25}},"4":{"start":{"line":9,"column":2},"end":{"line":9,"column":47}},"5":{"start":{"line":13,"column":32},"end":{"line":24,"column":1}},"6":{"start":{"line":14,"column":2},"end":{"line":23,"column":3}},"7":{"start":{"line":16,"column":6},"end":{"line":16,"column":23}},"8":{"start":{"line":18,"column":6},"end":{"line":18,"column":23}},"9":{"start":{"line":20,"column":6},"end":{"line":20,"column":23}},"10":{"start":{"line":22,"column":6},"end":{"line":22,"column":23}},"11":{"start":{"line":27,"column":26},"end":{"line":32,"column":1}},"12":{"start":{"line":29,"column":29},"end":{"line":29,"column":59}},"13":{"start":{"line":30,"column":15},"end":{"line":30,"column":45}},"14":{"start":{"line":31,"column":2},"end":{"line":31,"column":80}},"15":{"start":{"line":35,"column":25},"end":{"line":37,"column":1}},"16":{"start":{"line":36,"column":2},"end":{"line":36,"column":57}},"17":{"start":{"line":40,"column":31},"end":{"line":49,"column":1}},"18":{"start":{"line":41,"column":25},"end":{"line":41,"column":48}},"19":{"start":{"line":42,"column":2},"end":{"line":42,"column":88}},"20":{"start":{"line":42,"column":76},"end":{"line":42,"column":88}},"21":{"start":{"line":43,"column":2},"end":{"line":43,"column":52}},"22":{"start":{"line":43,"column":40},"end":{"line":43,"column":52}},"23":{"start":{"line":44,"column":2},"end":{"line":44,"column":52}},"24":{"start":{"line":44,"column":39},"end":{"line":44,"column":52}},"25":{"start":{"line":45,"column":2},"end":{"line":45,"column":90}},"26":{"start":{"line":45,"column":78},"end":{"line":45,"column":90}},"27":{"start":{"line":46,"column":2},"end":{"line":46,"column":51}},"28":{"start":{"line":46,"column":39},"end":{"line":46,"column":51}},"29":{"start":{"line":47,"column":2},"end":{"line":47,"column":86}},"30":{"start":{"line":47,"column":73},"end":{"line":47,"column":86}},"31":{"start":{"line":48,"column":2},"end":{"line":48,"column":15}},"32":{"start":{"line":52,"column":37},"end":{"line":59,"column":1}},"33":{"start":{"line":53,"column":2},"end":{"line":58,"column":3}},"34":{"start":{"line":54,"column":16},"end":{"line":54,"column":62}},"35":{"start":{"line":55,"column":17},"end":{"line":55,"column":64}},"36":{"start":{"line":56,"column":18},"end":{"line":56,"column":66}},"37":{"start":{"line":57,"column":13},"end":{"line":57,"column":38}},"38":{"start":{"line":62,"column":30},"end":{"line":69,"column":1}},"39":{"start":{"line":63,"column":2},"end":{"line":68,"column":3}},"40":{"start":{"line":64,"column":19},"end":{"line":64,"column":67}},"41":{"start":{"line":65,"column":22},"end":{"line":65,"column":73}},"42":{"start":{"line":66,"column":25},"end":{"line":66,"column":71}},"43":{"start":{"line":67,"column":13},"end":{"line":67,"column":64}}},"fnMap":{"0":{"name":"(anonymous_0)","decl":{"start":{"line":4,"column":26},"end":{"line":4,"column":27}},"loc":{"start":{"line":4,"column":40},"end":{"line":10,"column":1}},"line":4},"1":{"name":"(anonymous_1)","decl":{"start":{"line":13,"column":32},"end":{"line":13,"column":33}},"loc":{"start":{"line":13,"column":46},"end":{"line":24,"column":1}},"line":13},"2":{"name":"(anonymous_2)","decl":{"start":{"line":27,"column":26},"end":{"line":27,"column":27}},"loc":{"start":{"line":27,"column":39},"end":{"line":32,"column":1}},"line":27},"3":{"name":"(anonymous_3)","decl":{"start":{"line":35,"column":25},"end":{"line":35,"column":26}},"loc":{"start":{"line":35,"column":36},"end":{"line":37,"column":1}},"line":35},"4":{"name":"(anonymous_4)","decl":{"start":{"line":40,"column":31},"end":{"line":40,"column":32}},"loc":{"start":{"line":40,"column":46},"end":{"line":49,"column":1}},"line":40},"5":{"name":"(anonymous_5)","decl":{"start":{"line":52,"column":37},"end":{"line":52,"column":38}},"loc":{"start":{"line":52,"column":51},"end":{"line":59,"column":1}},"line":52},"6":{"name":"(anonymous_6)","decl":{"start":{"line":62,"column":30},"end":{"line":62,"column":31}},"loc":{"start":{"line":62,"column":42},"end":{"line":69,"column":1}},"line":62}},"branchMap":{"0":{"loc":{"start":{"line":6,"column":2},"end":{"line":6,"column":25}},"type":"if","locations":[{"start":{"line":6,"column":2},"end":{"line":6,"column":25}},{"start":{},"end":{}}],"line":6},"1":{"loc":{"start":{"line":14,"column":2},"end":{"line":23,"column":3}},"type":"switch","locations":[{"start":{"line":15,"column":4},"end":{"line":16,"column":23}},{"start":{"line":17,"column":4},"end":{"line":18,"column":23}},{"start":{"line":19,"column":4},"end":{"line":20,"column":23}},{"start":{"line":21,"column":4},"end":{"line":22,"column":23}}],"line":14},"2":{"loc":{"start":{"line":42,"column":2},"end":{"line":42,"column":88}},"type":"if","locations":[{"start":{"line":42,"column":2},"end":{"line":42,"column":88}},{"start":{},"end":{}}],"line":42},"3":{"loc":{"start":{"line":42,"column":6},"end":{"line":42,"column":74}},"type":"binary-expr","locations":[{"start":{"line":42,"column":6},"end":{"line":42,"column":38}},{"start":{"line":42,"column":42},"end":{"line":42,"column":74}}],"line":42},"4":{"loc":{"start":{"line":43,"column":2},"end":{"line":43,"column":52}},"type":"if","locations":[{"start":{"line":43,"column":2},"end":{"line":43,"column":52}},{"start":{},"end":{}}],"line":43},"5":{"loc":{"start":{"line":44,"column":2},"end":{"line":44,"column":52}},"type":"if","locations":[{"start":{"line":44,"column":2},"end":{"line":44,"column":52}},{"start":{},"end":{}}],"line":44},"6":{"loc":{"start":{"line":45,"column":2},"end":{"line":45,"column":90}},"type":"if","locations":[{"start":{"line":45,"column":2},"end":{"line":45,"column":90}},{"start":{},"end":{}}],"line":45},"7":{"loc":{"start":{"line":45,"column":6},"end":{"line":45,"column":76}},"type":"binary-expr","locations":[{"start":{"line":45,"column":6},"end":{"line":45,"column":38}},{"start":{"line":45,"column":42},"end":{"line":45,"column":76}}],"line":45},"8":{"loc":{"start":{"line":46,"column":2},"end":{"line":46,"column":51}},"type":"if","locations":[{"start":{"line":46,"column":2},"end":{"line":46,"column":51}},{"start":{},"end":{}}],"line":46},"9":{"loc":{"start":{"line":47,"column":2},"end":{"line":47,"column":86}},"type":"if","locations":[{"start":{"line":47,"column":2},"end":{"line":47,"column":86}},{"start":{},"end":{}}],"line":47},"10":{"loc":{"start":{"line":47,"column":6},"end":{"line":47,"column":71}},"type":"binary-expr","locations":[{"start":{"line":47,"column":6},"end":{"line":47,"column":36}},{"start":{"line":47,"column":40},"end":{"line":47,"column":71}}],"line":47},"11":{"loc":{"start":{"line":53,"column":2},"end":{"line":58,"column":3}},"type":"switch","locations":[{"start":{"line":54,"column":4},"end":{"line":54,"column":62}},{"start":{"line":55,"column":4},"end":{"line":55,"column":64}},{"start":{"line":56,"column":4},"end":{"line":56,"column":66}},{"start":{"line":57,"column":4},"end":{"line":57,"column":38}}],"line":53},"12":{"loc":{"start":{"line":63,"column":2},"end":{"line":68,"column":3}},"type":"switch","locations":[{"start":{"line":64,"column":4},"end":{"line":64,"column":67}},{"start":{"line":65,"column":4},"end":{"line":65,"column":73}},{"start":{"line":66,"column":4},"end":{"line":66,"column":71}},{"start":{"line":67,"column":4},"end":{"line":67,"column":64}}],"line":63}},"s":{"0":9,"1":19705,"2":19705,"3":5139,"4":14566,"5":9,"6":9523,"7":3326,"8":3110,"9":3085,"10":2,"11":9,"12":10438,"13":10438,"14":10438,"15":9,"16":15455,"17":9,"18":21,"19":21,"20":9,"21":12,"22":2,"23":10,"24":3,"25":7,"26":2,"27":5,"28":1,"29":4,"30":2,"31":2,"32":9,"33":256,"34":202,"35":28,"36":25,"37":1,"38":9,"39":257,"40":3,"41":2,"42":1,"43":251},"f":{"0":19705,"1":9523,"2":10438,"3":15455,"4":21,"5":256,"6":257},"b":{"0":[5139,14566],"1":[3326,3110,3085,2],"2":[9,12],"3":[21,16],"4":[2,10],"5":[3,7],"6":[2,5],"7":[7,6],"8":[1,4],"9":[2,2],"10":[4,3],"11":[202,28,25,1],"12":[3,2,1,251]},"_coverageSchema":"1a1c01bbd47fc00a2c39e90264f33305004495a9","hash":"8f213ab1285dca66b7f650f139279e6f6537b550"}
}
