TN:
SF:src/App.js
FN:15,(anonymous_0)
FN:32,(anonymous_1)
FN:42,(anonymous_2)
FN:43,(anonymous_3)
FN:68,(anonymous_4)
FN:72,(anonymous_5)
FN:78,(anonymous_6)
FN:80,(anonymous_7)
FN:87,(anonymous_8)
FN:88,(anonymous_9)
FN:93,(anonymous_10)
FN:95,(anonymous_11)
FN:103,(anonymous_12)
FN:104,(anonymous_13)
FN:122,(anonymous_14)
FN:129,(anonymous_15)
FN:154,(anonymous_16)
FN:162,(anonymous_17)
FN:183,(anonymous_18)
FN:265,(anonymous_19)
FNF:20
FNH:20
FNDA:81,(anonymous_0)
FNDA:28,(anonymous_1)
FNDA:28,(anonymous_2)
FNDA:28,(anonymous_3)
FNDA:28,(anonymous_4)
FNDA:15451,(anonymous_5)
FNDA:1,(anonymous_6)
FNDA:1,(anonymous_7)
FNDA:28,(anonymous_8)
FNDA:3696,(anonymous_9)
FNDA:28,(anonymous_10)
FNDA:3696,(anonymous_11)
FNDA:44,(anonymous_12)
FNDA:5808,(anonymous_13)
FNDA:2141,(anonymous_14)
FNDA:1438,(anonymous_15)
FNDA:5,(anonymous_16)
FNDA:240,(anonymous_17)
FNDA:3,(anonymous_18)
FNDA:2,(anonymous_19)
DA:15,1
DA:17,81
DA:18,80
DA:19,80
DA:20,80
DA:21,80
DA:22,80
DA:23,80
DA:24,80
DA:25,80
DA:28,80
DA:29,80
DA:32,80
DA:33,28
DA:34,28
DA:35,0
DA:36,0
DA:42,80
DA:43,28
DA:44,28
DA:46,28
DA:47,27
DA:49,27
DA:50,27
DA:51,27
DA:61,1
DA:65,28
DA:67,28
DA:68,28
DA:72,80
DA:73,15451
DA:74,15451
DA:78,80
DA:79,1
DA:80,1
DA:87,80
DA:88,3696
DA:89,28
DA:93,80
DA:94,28
DA:95,28
DA:96,3696
DA:97,3696
DA:99,28
DA:103,80
DA:104,44
DA:105,5808
DA:106,5808
DA:107,5808
DA:108,5808
DA:109,5808
DA:111,5808
DA:117,5808
DA:121,44
DA:122,5
DA:125,2141
DA:126,812
DA:127,812
DA:128,1329
DA:129,719
DA:130,1438
DA:131,1438
DA:133,719
DA:134,719
DA:135,610
DA:136,610
DA:137,610
DA:140,2141
DA:141,605
DA:143,1536
DA:144,625
DA:146,911
DA:150,44
DA:154,80
DA:155,5
DA:156,5
DA:157,1
DA:159,5
DA:162,80
DA:163,240
DA:164,235
DA:166,5
DA:169,80
DA:183,3
DA:265,2
LF:85
LH:83
BRDA:33,0,0,28
BRDA:33,0,1,0
BRDA:35,1,0,0
BRDA:35,1,1,0
BRDA:35,2,0,0
BRDA:35,2,1,0
BRDA:49,3,0,27
BRDA:49,3,1,0
BRDA:49,4,0,27
BRDA:49,4,1,27
BRDA:49,4,2,27
BRDA:74,5,0,15451
BRDA:74,5,1,15449
BRDA:74,5,2,11297
BRDA:106,6,0,5808
BRDA:106,6,1,660
BRDA:107,7,0,5808
BRDA:107,7,1,0
BRDA:108,8,0,5808
BRDA:108,8,1,132
BRDA:109,9,0,5808
BRDA:109,9,1,396
BRDA:109,9,2,380
BRDA:111,10,0,5808
BRDA:111,10,1,396
BRDA:111,10,2,0
BRDA:111,10,3,396
BRDA:111,10,4,132
BRDA:111,10,5,300
BRDA:111,10,6,132
BRDA:111,10,7,300
BRDA:111,10,8,132
BRDA:117,11,0,5808
BRDA:117,11,1,5368
BRDA:117,11,2,5368
BRDA:117,11,3,5248
BRDA:117,11,4,4884
BRDA:121,12,0,5
BRDA:121,12,1,39
BRDA:125,13,0,812
BRDA:125,13,1,1329
BRDA:128,14,0,719
BRDA:128,14,1,610
BRDA:135,15,0,610
BRDA:135,15,1,0
BRDA:140,16,0,605
BRDA:140,16,1,1536
BRDA:141,17,0,605
BRDA:141,17,1,0
BRDA:143,18,0,625
BRDA:143,18,1,911
BRDA:144,19,0,276
BRDA:144,19,1,349
BRDA:156,20,0,1
BRDA:156,20,1,4
BRDA:156,21,0,5
BRDA:156,21,1,1
BRDA:163,22,0,235
BRDA:163,22,1,5
BRDA:166,23,0,4
BRDA:166,23,1,1
BRDA:189,24,0,75
BRDA:189,24,1,5
BRDA:191,25,0,0
BRDA:191,25,1,80
BRDA:192,26,0,80
BRDA:192,26,1,3
BRDA:193,27,0,80
BRDA:193,27,1,1
BRDA:194,28,0,80
BRDA:194,28,1,3
BRDA:195,29,0,80
BRDA:195,29,1,2
BRF:73
BRH:62
end_of_record
TN:
SF:src/index.js
FNF:0
FNH:0
DA:6,0
DA:7,0
LF:2
LH:0
BRF:0
BRH:0
end_of_record
TN:
SF:src/components/FeaturedMatchCard.js
FN:8,(anonymous_0)
FNF:1
FNH:1
FNDA:252,(anonymous_0)
DA:8,3
DA:9,252
DA:11,252
LF:3
LH:3
BRF:0
BRH:0
end_of_record
TN:
SF:src/components/FeaturedMatches.js
FN:7,(anonymous_0)
FN:18,(anonymous_1)
FN:19,(anonymous_2)
FN:25,(anonymous_3)
FN:29,(anonymous_4)
FN:42,(anonymous_5)
FN:48,(anonymous_6)
FN:60,(anonymous_7)
FN:63,(anonymous_8)
FN:68,(anonymous_9)
FN:89,(anonymous_10)
FN:95,(anonymous_11)
FN:101,(anonymous_12)
FN:108,(anonymous_13)
FN:113,(anonymous_14)
FN:118,(anonymous_15)
FN:122,(anonymous_16)
FN:175,(anonymous_17)
FN:190,(anonymous_18)
FN:202,(anonymous_19)
FN:210,(anonymous_20)
FN:214,(anonymous_21)
FN:215,(anonymous_22)
FN:215,(anonymous_23)
FNF:24
FNH:23
FNDA:137,(anonymous_0)
FNDA:47,(anonymous_1)
FNDA:47,(anonymous_2)
FNDA:47,(anonymous_3)
FNDA:49,(anonymous_4)
FNDA:3900,(anonymous_5)
FNDA:388,(anonymous_6)
FNDA:24,(anonymous_7)
FNDA:24,(anonymous_8)
FNDA:5,(anonymous_9)
FNDA:2,(anonymous_10)
FNDA:6,(anonymous_11)
FNDA:3,(anonymous_12)
FNDA:2,(anonymous_13)
FNDA:3,(anonymous_14)
FNDA:3,(anonymous_15)
FNDA:3,(anonymous_16)
FNDA:0,(anonymous_17)
FNDA:243,(anonymous_18)
FNDA:2,(anonymous_19)
FNDA:281,(anonymous_20)
FNDA:1,(anonymous_21)
FNDA:1,(anonymous_22)
FNDA:1,(anonymous_23)
DA:7,2
DA:8,137
DA:9,137
DA:10,137
DA:11,137
DA:12,137
DA:15,137
DA:18,137
DA:19,47
DA:20,47
DA:23,47
DA:24,47
DA:25,47
DA:29,137
DA:30,49
DA:33,49
DA:36,49
DA:37,49
DA:41,49
DA:43,3900
DA:44,2855
DA:46,2855
DA:49,388
DA:50,388
DA:51,388
DA:54,49
DA:55,49
DA:57,49
DA:59,4
DA:60,24
DA:62,4
DA:63,24
DA:66,4
DA:67,4
DA:68,5
DA:69,4
DA:72,4
DA:75,45
DA:79,137
DA:80,49
DA:84,88
DA:85,88
DA:86,88
DA:87,88
DA:89,88
DA:90,2
DA:91,2
DA:95,88
DA:96,6
DA:97,6
DA:101,88
DA:102,3
DA:103,3
DA:104,3
DA:108,88
DA:109,2
DA:113,88
DA:114,3
DA:115,3
DA:118,88
DA:119,3
DA:122,88
DA:123,3
DA:125,3
DA:126,3
DA:127,3
DA:129,3
DA:130,1
DA:132,3
DA:133,1
DA:138,88
DA:139,88
DA:141,88
DA:175,0
DA:191,243
DA:202,2
DA:211,281
DA:214,1
DA:215,1
LF:79
LH:78
BRDA:43,0,0,1045
BRDA:43,0,1,2855
BRDA:46,1,0,2855
BRDA:46,1,1,1114
BRDA:57,2,0,4
BRDA:57,2,1,45
BRDA:60,3,0,24
BRDA:60,3,1,21
BRDA:63,4,0,24
BRDA:63,4,1,21
BRDA:79,5,0,49
BRDA:79,5,1,88
BRDA:84,6,0,0
BRDA:84,6,1,88
BRDA:90,7,0,2
BRDA:90,7,1,0
BRDA:96,8,0,6
BRDA:96,8,1,0
BRDA:102,9,0,3
BRDA:102,9,1,0
BRDA:102,10,0,3
BRDA:102,10,1,1
BRDA:123,11,0,0
BRDA:123,11,1,3
BRDA:123,12,0,3
BRDA:123,12,1,3
BRDA:129,13,0,1
BRDA:129,13,1,2
BRDA:129,14,0,3
BRDA:129,14,1,1
BRDA:132,15,0,1
BRDA:132,15,1,2
BRDA:132,16,0,3
BRDA:132,16,1,1
BRDA:152,17,0,88
BRDA:152,17,1,5
BRDA:164,18,0,88
BRDA:164,18,1,83
BRDA:213,19,0,88
BRDA:213,19,1,193
BRF:40
BRH:35
end_of_record
TN:
SF:src/components/FilterSection.js
FN:7,(anonymous_0)
FN:27,(anonymous_1)
FN:30,(anonymous_2)
FN:46,(anonymous_3)
FN:66,(anonymous_4)
FN:83,(anonymous_5)
FN:98,(anonymous_6)
FN:104,(anonymous_7)
FN:115,(anonymous_8)
FN:121,(anonymous_9)
FN:132,(anonymous_10)
FNF:11
FNH:11
FNDA:98,(anonymous_0)
FNDA:1,(anonymous_1)
FNDA:2,(anonymous_2)
FNDA:1,(anonymous_3)
FNDA:5,(anonymous_4)
FNDA:1,(anonymous_5)
FNDA:3,(anonymous_6)
FNDA:1334,(anonymous_7)
FNDA:2,(anonymous_8)
FNDA:916,(anonymous_9)
FNDA:4,(anonymous_10)
DA:7,2
DA:23,98
DA:27,1
DA:31,2
DA:32,2
DA:33,2
DA:47,1
DA:48,1
DA:66,5
DA:83,1
DA:98,3
DA:105,1334
DA:115,2
DA:122,916
DA:132,4
LF:15
LH:15
BRDA:31,0,0,2
BRDA:31,0,1,0
BRDA:31,1,0,2
BRDA:31,1,1,1
BRDA:44,2,0,4
BRDA:44,2,1,94
BRDA:45,3,0,94
BRDA:45,3,1,4
BRDA:57,4,0,4
BRDA:57,4,1,94
BRDA:69,5,0,94
BRDA:69,5,1,4
BRDA:86,6,0,94
BRDA:86,6,1,4
BRDA:101,7,0,94
BRDA:101,7,1,4
BRDA:118,8,0,94
BRDA:118,8,1,4
BRDA:135,9,0,94
BRDA:135,9,1,4
BRF:20
BRH:19
end_of_record
TN:
SF:src/components/ScheduleTable.js
FN:8,(anonymous_0)
FN:24,(anonymous_1)
FN:25,(anonymous_2)
FN:33,(anonymous_3)
FN:34,(anonymous_4)
FN:44,(anonymous_5)
FN:45,(anonymous_6)
FN:59,(anonymous_7)
FN:102,(anonymous_8)
FNF:9
FNH:7
FNDA:98,(anonymous_0)
FNDA:4,(anonymous_1)
FNDA:0,(anonymous_2)
FNDA:1,(anonymous_3)
FNDA:1,(anonymous_4)
FNDA:1,(anonymous_5)
FNDA:0,(anonymous_6)
FNDA:9518,(anonymous_7)
FNDA:2,(anonymous_8)
DA:8,2
DA:16,98
DA:24,4
DA:25,0
DA:33,1
DA:34,1
DA:44,1
DA:45,0
DA:60,9518
DA:61,9518
DA:62,9518
DA:63,3
DA:64,9515
DA:65,2
DA:66,9513
DA:67,2570
DA:69,6943
DA:72,9518
DA:102,2
LF:19
LH:17
BRDA:25,0,0,0
BRDA:25,0,1,0
BRDA:27,1,0,4
BRDA:27,1,1,94
BRDA:27,2,0,3
BRDA:27,2,1,1
BRDA:34,3,0,1
BRDA:34,3,1,1
BRDA:36,4,0,2
BRDA:36,4,1,96
BRDA:36,5,0,1
BRDA:36,5,1,1
BRDA:45,6,0,0
BRDA:45,6,1,0
BRDA:47,7,0,1
BRDA:47,7,1,97
BRDA:47,8,0,1
BRDA:47,8,1,0
BRDA:58,9,0,95
BRDA:58,9,1,3
BRDA:62,10,0,3
BRDA:62,10,1,9515
BRDA:64,11,0,2
BRDA:64,11,1,9513
BRDA:66,12,0,2570
BRDA:66,12,1,6943
BRDA:69,13,0,3471
BRDA:69,13,1,3472
BRF:28
BRH:23
end_of_record
TN:
SF:src/components/TeamFlag.js
FN:7,(anonymous_0)
FN:20,(anonymous_1)
FNF:2
FNH:2
FNDA:19546,(anonymous_0)
FNDA:1,(anonymous_1)
DA:7,5
DA:8,19546
DA:9,19546
DA:12,19546
DA:20,1
LF:5
LH:5
BRDA:14,0,0,19546
BRDA:14,0,1,14409
BRDA:14,0,2,14408
BRF:3
BRH:3
end_of_record
TN:
SF:src/components/TeamSelectionDialog.js
FN:7,(anonymous_0)
FN:10,(anonymous_1)
FN:15,(anonymous_2)
FN:16,(anonymous_3)
FN:23,(anonymous_4)
FN:26,(anonymous_5)
FN:31,(anonymous_6)
FN:37,(anonymous_7)
FN:56,(anonymous_8)
FN:81,(anonymous_9)
FN:82,(anonymous_10)
FN:88,(anonymous_11)
FN:89,(anonymous_12)
FN:89,(anonymous_13)
FNF:14
FNH:14
FNDA:105,(anonymous_0)
FNDA:43,(anonymous_1)
FNDA:94,(anonymous_2)
FNDA:3,(anonymous_3)
FNDA:94,(anonymous_4)
FNDA:2,(anonymous_5)
FNDA:1,(anonymous_6)
FNDA:2,(anonymous_7)
FNDA:9,(anonymous_8)
FNDA:179,(anonymous_9)
FNDA:152,(anonymous_10)
FNDA:3,(anonymous_11)
FNDA:2,(anonymous_12)
FNDA:2,(anonymous_13)
DA:7,2
DA:8,105
DA:10,105
DA:11,43
DA:15,105
DA:16,94
DA:17,3
DA:18,1
DA:22,94
DA:23,94
DA:26,105
DA:27,2
DA:28,2
DA:31,105
DA:32,1
DA:33,1
DA:34,1
DA:37,105
DA:38,2
DA:39,2
DA:40,2
DA:44,105
DA:46,27
DA:56,9
DA:81,179
DA:83,152
DA:84,152
DA:88,3
DA:89,2
LF:29
LH:29
BRDA:17,0,0,1
BRDA:17,0,1,2
BRDA:17,1,0,3
BRDA:17,1,1,1
BRDA:38,2,0,2
BRDA:38,2,1,0
BRDA:38,3,0,2
BRDA:38,3,1,1
BRDA:44,4,0,78
BRDA:44,4,1,27
BRDA:87,5,0,11
BRDA:87,5,1,141
BRDA:94,6,0,152
BRDA:94,6,1,152
BRF:14
BRH:13
end_of_record
TN:
SF:src/components/WeatherWidget.js
FN:7,(anonymous_0)
FNF:1
FNH:1
FNDA:7,(anonymous_0)
DA:7,2
DA:8,7
DA:9,1
DA:12,6
LF:4
LH:4
BRDA:8,0,0,1
BRDA:8,0,1,6
BRF:2
BRH:2
end_of_record
TN:
SF:src/constants/index.js
FNF:0
FNH:0
DA:2,9
DA:21,9
LF:2
LH:2
BRF:0
BRH:0
end_of_record
TN:
SF:src/hooks/useLocalStorage.js
FN:10,(anonymous_0)
FN:13,(anonymous_1)
FN:31,(anonymous_2)
FNF:3
FNH:3
FNDA:721,(anonymous_0)
FNDA:252,(anonymous_1)
FNDA:46,(anonymous_2)
DA:10,2
DA:13,721
DA:14,252
DA:16,252
DA:18,252
DA:19,0
DA:21,252
DA:24,0
DA:25,0
DA:31,720
DA:32,46
DA:34,46
DA:36,46
DA:38,46
DA:39,0
DA:41,46
DA:47,0
DA:51,720
LF:18
LH:13
BRDA:10,0,0,561
BRDA:18,1,0,0
BRDA:18,1,1,252
BRDA:19,2,0,0
BRDA:19,2,1,0
BRDA:34,3,0,1
BRDA:34,3,1,45
BRDA:38,4,0,0
BRDA:38,4,1,46
BRDA:38,5,0,46
BRDA:38,5,1,46
BRDA:43,6,0,6
BRDA:43,6,1,40
BRF:13
BRH:9
end_of_record
TN:
SF:src/utils/helpers.js
FN:4,(anonymous_0)
FN:13,(anonymous_1)
FN:27,(anonymous_2)
FN:35,(anonymous_3)
FN:40,(anonymous_4)
FN:52,(anonymous_5)
FN:62,(anonymous_6)
FNF:7
FNH:7
FNDA:19705,(anonymous_0)
FNDA:9523,(anonymous_1)
FNDA:10438,(anonymous_2)
FNDA:15455,(anonymous_3)
FNDA:21,(anonymous_4)
FNDA:256,(anonymous_5)
FNDA:257,(anonymous_6)
DA:4,9
DA:5,19705
DA:6,19705
DA:9,14566
DA:13,9
DA:14,9523
DA:16,3326
DA:18,3110
DA:20,3085
DA:22,2
DA:27,9
DA:29,10438
DA:30,10438
DA:31,10438
DA:35,9
DA:36,15455
DA:40,9
DA:41,21
DA:42,21
DA:43,12
DA:44,10
DA:45,7
DA:46,5
DA:47,4
DA:48,2
DA:52,9
DA:53,256
DA:54,202
DA:55,28
DA:56,25
DA:57,1
DA:62,9
DA:63,257
DA:64,3
DA:65,2
DA:66,1
DA:67,251
LF:37
LH:37
BRDA:6,0,0,5139
BRDA:6,0,1,14566
BRDA:14,1,0,3326
BRDA:14,1,1,3110
BRDA:14,1,2,3085
BRDA:14,1,3,2
BRDA:42,2,0,9
BRDA:42,2,1,12
BRDA:42,3,0,21
BRDA:42,3,1,16
BRDA:43,4,0,2
BRDA:43,4,1,10
BRDA:44,5,0,3
BRDA:44,5,1,7
BRDA:45,6,0,2
BRDA:45,6,1,5
BRDA:45,7,0,7
BRDA:45,7,1,6
BRDA:46,8,0,1
BRDA:46,8,1,4
BRDA:47,9,0,2
BRDA:47,9,1,2
BRDA:47,10,0,4
BRDA:47,10,1,3
BRDA:53,11,0,202
BRDA:53,11,1,28
BRDA:53,11,2,25
BRDA:53,11,3,1
BRDA:63,12,0,3
BRDA:63,12,1,2
BRDA:63,12,2,1
BRDA:63,12,3,251
BRF:32
BRH:32
end_of_record
